<?xml version="1.0" encoding="UTF-8"?>
<testsuites>
  <testsuite name="/app/phpunit.xml.dist" tests="261" assertions="612" errors="0" failures="0" skipped="0" time="0.258982">
    <testsuite name="Unit" tests="250" assertions="561" errors="0" failures="0" skipped="0" time="0.216025">
      <testsuite name="BankingPipeline\Tests\Shared\AuditLoggerTest" file="/app/tests/Shared/AuditLoggerTest.php" tests="12" assertions="30" errors="0" failures="0" skipped="0" time="0.006043">
        <testcase name="logWritesJsonLineToSink" file="/app/tests/Shared/AuditLoggerTest.php" line="19" class="BankingPipeline\Tests\Shared\AuditLoggerTest" classname="BankingPipeline.Tests.Shared.AuditLoggerTest" assertions="2" time="0.002571"/>
        <testcase name="logIncludesRequiredFields" file="/app/tests/Shared/AuditLoggerTest.php" line="34" class="BankingPipeline\Tests\Shared\AuditLoggerTest" classname="BankingPipeline.Tests.Shared.AuditLoggerTest" assertions="7" time="0.000348"/>
        <testcase name="logTimestampIsIso8601" file="/app/tests/Shared/AuditLoggerTest.php" line="55" class="BankingPipeline\Tests\Shared\AuditLoggerTest" classname="BankingPipeline.Tests.Shared.AuditLoggerTest" assertions="1" time="0.000318"/>
        <testcase name="logMasksSourceAccount" file="/app/tests/Shared/AuditLoggerTest.php" line="74" class="BankingPipeline\Tests\Shared\AuditLoggerTest" classname="BankingPipeline.Tests.Shared.AuditLoggerTest" assertions="2" time="0.000315"/>
        <testcase name="logMasksDestinationAccount" file="/app/tests/Shared/AuditLoggerTest.php" line="92" class="BankingPipeline\Tests\Shared\AuditLoggerTest" classname="BankingPipeline.Tests.Shared.AuditLoggerTest" assertions="2" time="0.000302"/>
        <testcase name="logMasksDescriptionField" file="/app/tests/Shared/AuditLoggerTest.php" line="110" class="BankingPipeline\Tests\Shared\AuditLoggerTest" classname="BankingPipeline.Tests.Shared.AuditLoggerTest" assertions="2" time="0.000322"/>
        <testcase name="logMasksNameField" file="/app/tests/Shared/AuditLoggerTest.php" line="128" class="BankingPipeline\Tests\Shared\AuditLoggerTest" classname="BankingPipeline.Tests.Shared.AuditLoggerTest" assertions="2" time="0.000303"/>
        <testcase name="logDoesNotMaskNonPiiFields" file="/app/tests/Shared/AuditLoggerTest.php" line="146" class="BankingPipeline\Tests\Shared\AuditLoggerTest" classname="BankingPipeline.Tests.Shared.AuditLoggerTest" assertions="3" time="0.000306"/>
        <testcase name="maskIsConsistentForSameValue" file="/app/tests/Shared/AuditLoggerTest.php" line="167" class="BankingPipeline\Tests\Shared\AuditLoggerTest" classname="BankingPipeline.Tests.Shared.AuditLoggerTest" assertions="1" time="0.000319"/>
        <testcase name="maskDiffersForDifferentValues" file="/app/tests/Shared/AuditLoggerTest.php" line="187" class="BankingPipeline\Tests\Shared\AuditLoggerTest" classname="BankingPipeline.Tests.Shared.AuditLoggerTest" assertions="1" time="0.000314"/>
        <testcase name="logMasksPiiInNestedContext" file="/app/tests/Shared/AuditLoggerTest.php" line="212" class="BankingPipeline\Tests\Shared\AuditLoggerTest" classname="BankingPipeline.Tests.Shared.AuditLoggerTest" assertions="3" time="0.000326"/>
        <testcase name="logWithEmptyContextStillLogs" file="/app/tests/Shared/AuditLoggerTest.php" line="239" class="BankingPipeline\Tests\Shared\AuditLoggerTest" classname="BankingPipeline.Tests.Shared.AuditLoggerTest" assertions="4" time="0.000298"/>
      </testsuite>
      <testsuite name="BankingPipeline\Tests\Shared\EnvelopeTest" file="/app/tests/Shared/EnvelopeTest.php" tests="15" assertions="36" errors="0" failures="0" skipped="0" time="0.005288">
        <testcase name="createReturnsEnvelopeWithAllFields" file="/app/tests/Shared/EnvelopeTest.php" line="20" class="BankingPipeline\Tests\Shared\EnvelopeTest" classname="BankingPipeline.Tests.Shared.EnvelopeTest" assertions="4" time="0.000732"/>
        <testcase name="createGeneratesUuid4MessageId" file="/app/tests/Shared/EnvelopeTest.php" line="32" class="BankingPipeline\Tests\Shared\EnvelopeTest" classname="BankingPipeline.Tests.Shared.EnvelopeTest" assertions="1" time="0.000343"/>
        <testcase name="createGeneratesIso8601Timestamp" file="/app/tests/Shared/EnvelopeTest.php" line="44" class="BankingPipeline\Tests\Shared\EnvelopeTest" classname="BankingPipeline.Tests.Shared.EnvelopeTest" assertions="1" time="0.000303"/>
        <testcase name="createGeneratesUniqueMessageIds" file="/app/tests/Shared/EnvelopeTest.php" line="54" class="BankingPipeline\Tests\Shared\EnvelopeTest" classname="BankingPipeline.Tests.Shared.EnvelopeTest" assertions="1" time="0.000306"/>
        <testcase name="fromJsonParsesValidEnvelope" file="/app/tests/Shared/EnvelopeTest.php" line="67" class="BankingPipeline\Tests\Shared\EnvelopeTest" classname="BankingPipeline.Tests.Shared.EnvelopeTest" assertions="6" time="0.000308"/>
        <testcase name="fromJsonThrowsOnMalformedJson" file="/app/tests/Shared/EnvelopeTest.php" line="93" class="BankingPipeline\Tests\Shared\EnvelopeTest" classname="BankingPipeline.Tests.Shared.EnvelopeTest" assertions="1" time="0.000300"/>
        <testcase name="fromJsonThrowsOnNonObjectJson" file="/app/tests/Shared/EnvelopeTest.php" line="100" class="BankingPipeline\Tests\Shared\EnvelopeTest" classname="BankingPipeline.Tests.Shared.EnvelopeTest" assertions="2" time="0.000325"/>
        <testsuite name="BankingPipeline\Tests\Shared\EnvelopeTest::fromJsonThrowsOnMissingField" tests="6" assertions="12" errors="0" failures="0" skipped="0" time="0.001997">
          <testcase name="fromJsonThrowsOnMissingField with data set &quot;missing message_id&quot;" file="/app/tests/Shared/EnvelopeTest.php" line="109" class="BankingPipeline\Tests\Shared\EnvelopeTest" classname="BankingPipeline.Tests.Shared.EnvelopeTest" assertions="2" time="0.000347"/>
          <testcase name="fromJsonThrowsOnMissingField with data set &quot;missing timestamp&quot;" file="/app/tests/Shared/EnvelopeTest.php" line="109" class="BankingPipeline\Tests\Shared\EnvelopeTest" classname="BankingPipeline.Tests.Shared.EnvelopeTest" assertions="2" time="0.000327"/>
          <testcase name="fromJsonThrowsOnMissingField with data set &quot;missing source&quot;" file="/app/tests/Shared/EnvelopeTest.php" line="109" class="BankingPipeline\Tests\Shared\EnvelopeTest" classname="BankingPipeline.Tests.Shared.EnvelopeTest" assertions="2" time="0.000328"/>
          <testcase name="fromJsonThrowsOnMissingField with data set &quot;missing target&quot;" file="/app/tests/Shared/EnvelopeTest.php" line="109" class="BankingPipeline\Tests\Shared\EnvelopeTest" classname="BankingPipeline.Tests.Shared.EnvelopeTest" assertions="2" time="0.000329"/>
          <testcase name="fromJsonThrowsOnMissingField with data set &quot;missing type&quot;" file="/app/tests/Shared/EnvelopeTest.php" line="109" class="BankingPipeline\Tests\Shared\EnvelopeTest" classname="BankingPipeline.Tests.Shared.EnvelopeTest" assertions="2" time="0.000328"/>
          <testcase name="fromJsonThrowsOnMissingField with data set &quot;missing data&quot;" file="/app/tests/Shared/EnvelopeTest.php" line="109" class="BankingPipeline\Tests\Shared\EnvelopeTest" classname="BankingPipeline.Tests.Shared.EnvelopeTest" assertions="2" time="0.000338"/>
        </testsuite>
        <testcase name="fromJsonThrowsWhenDataIsNotAnObject" file="/app/tests/Shared/EnvelopeTest.php" line="140" class="BankingPipeline\Tests\Shared\EnvelopeTest" classname="BankingPipeline.Tests.Shared.EnvelopeTest" assertions="2" time="0.000337"/>
        <testcase name="roundTripPreservesAllFields" file="/app/tests/Shared/EnvelopeTest.php" line="161" class="BankingPipeline\Tests\Shared\EnvelopeTest" classname="BankingPipeline.Tests.Shared.EnvelopeTest" assertions="6" time="0.000337"/>
      </testsuite>
      <testsuite name="BankingPipeline\Tests\Shared\FileQueueTest" file="/app/tests/Shared/FileQueueTest.php" tests="15" assertions="28" errors="0" failures="0" skipped="0" time="0.013305">
        <testcase name="initializeCreatesAllQueueSubdirectories" file="/app/tests/Shared/FileQueueTest.php" line="39" class="BankingPipeline\Tests\Shared\FileQueueTest" classname="BankingPipeline.Tests.Shared.FileQueueTest" assertions="4" time="0.001725"/>
        <testcase name="writeCreatesFileInQueue" file="/app/tests/Shared/FileQueueTest.php" line="51" class="BankingPipeline\Tests\Shared\FileQueueTest" classname="BankingPipeline.Tests.Shared.FileQueueTest" assertions="1" time="0.000934"/>
        <testcase name="writeCreatesFileNamedAfterTransactionId" file="/app/tests/Shared/FileQueueTest.php" line="60" class="BankingPipeline\Tests\Shared\FileQueueTest" classname="BankingPipeline.Tests.Shared.FileQueueTest" assertions="1" time="0.000868"/>
        <testcase name="writeUsesMessageIdWhenTransactionIdAbsent" file="/app/tests/Shared/FileQueueTest.php" line="70" class="BankingPipeline\Tests\Shared\FileQueueTest" classname="BankingPipeline.Tests.Shared.FileQueueTest" assertions="2" time="0.000874"/>
        <testcase name="readParsesEnvelopeFromFile" file="/app/tests/Shared/FileQueueTest.php" line="86" class="BankingPipeline\Tests\Shared\FileQueueTest" classname="BankingPipeline.Tests.Shared.FileQueueTest" assertions="2" time="0.000869"/>
        <testcase name="readThrowsWhenFileNotFound" file="/app/tests/Shared/FileQueueTest.php" line="98" class="BankingPipeline\Tests\Shared\FileQueueTest" classname="BankingPipeline.Tests.Shared.FileQueueTest" assertions="2" time="0.000741"/>
        <testcase name="moveTransfersFileAtomically" file="/app/tests/Shared/FileQueueTest.php" line="110" class="BankingPipeline\Tests\Shared\FileQueueTest" classname="BankingPipeline.Tests.Shared.FileQueueTest" assertions="3" time="0.000890"/>
        <testcase name="moveThrowsWhenSourceFileNotFound" file="/app/tests/Shared/FileQueueTest.php" line="123" class="BankingPipeline\Tests\Shared\FileQueueTest" classname="BankingPipeline.Tests.Shared.FileQueueTest" assertions="2" time="0.000724"/>
        <testcase name="movePreservesFileContent" file="/app/tests/Shared/FileQueueTest.php" line="131" class="BankingPipeline\Tests\Shared\FileQueueTest" classname="BankingPipeline.Tests.Shared.FileQueueTest" assertions="1" time="0.000979"/>
        <testcase name="fullPipelineFlowMovesFileToResults" file="/app/tests/Shared/FileQueueTest.php" line="146" class="BankingPipeline\Tests\Shared\FileQueueTest" classname="BankingPipeline.Tests.Shared.FileQueueTest" assertions="4" time="0.000918"/>
        <testcase name="writeThrowsOnInvalidDirectoryName" file="/app/tests/Shared/FileQueueTest.php" line="167" class="BankingPipeline\Tests\Shared\FileQueueTest" classname="BankingPipeline.Tests.Shared.FileQueueTest" assertions="2" time="0.000756"/>
        <testcase name="moveThrowsOnInvalidSourceDirectory" file="/app/tests/Shared/FileQueueTest.php" line="175" class="BankingPipeline\Tests\Shared\FileQueueTest" classname="BankingPipeline.Tests.Shared.FileQueueTest" assertions="1" time="0.000656"/>
        <testcase name="readThrowsOnInvalidDirectoryName" file="/app/tests/Shared/FileQueueTest.php" line="182" class="BankingPipeline\Tests\Shared\FileQueueTest" classname="BankingPipeline.Tests.Shared.FileQueueTest" assertions="1" time="0.000680"/>
        <testcase name="listFilesReturnsEmptyArrayWhenQueueIsEmpty" file="/app/tests/Shared/FileQueueTest.php" line="193" class="BankingPipeline\Tests\Shared\FileQueueTest" classname="BankingPipeline.Tests.Shared.FileQueueTest" assertions="1" time="0.000750"/>
        <testcase name="clearRemovesAllFilesFromDirectory" file="/app/tests/Shared/FileQueueTest.php" line="199" class="BankingPipeline\Tests\Shared\FileQueueTest" classname="BankingPipeline.Tests.Shared.FileQueueTest" assertions="1" time="0.000942"/>
      </testsuite>
      <testsuite name="BankingPipeline\Tests\Shared\MoneyTest" file="/app/tests/Shared/MoneyTest.php" tests="38" assertions="45" errors="0" failures="0" skipped="0" time="0.014201">
        <testcase name="parseAcceptsPositiveDecimalString" file="/app/tests/Shared/MoneyTest.php" line="20" class="BankingPipeline\Tests\Shared\MoneyTest" classname="BankingPipeline.Tests.Shared.MoneyTest" assertions="1" time="0.001598"/>
        <testcase name="parseAcceptsZero" file="/app/tests/Shared/MoneyTest.php" line="26" class="BankingPipeline\Tests\Shared\MoneyTest" classname="BankingPipeline.Tests.Shared.MoneyTest" assertions="1" time="0.000897"/>
        <testcase name="parseAcceptsNegativeAmount" file="/app/tests/Shared/MoneyTest.php" line="32" class="BankingPipeline\Tests\Shared\MoneyTest" classname="BankingPipeline.Tests.Shared.MoneyTest" assertions="1" time="0.000281"/>
        <testcase name="parseAcceptsIntegerString" file="/app/tests/Shared/MoneyTest.php" line="39" class="BankingPipeline\Tests\Shared\MoneyTest" classname="BankingPipeline.Tests.Shared.MoneyTest" assertions="1" time="0.000282"/>
        <testsuite name="BankingPipeline\Tests\Shared\MoneyTest::parseThrowsOnNonNumericValue" tests="5" assertions="10" errors="0" failures="0" skipped="0" time="0.001682">
          <testcase name="parseThrowsOnNonNumericValue with data set &quot;empty string&quot;" file="/app/tests/Shared/MoneyTest.php" line="46" class="BankingPipeline\Tests\Shared\MoneyTest" classname="BankingPipeline.Tests.Shared.MoneyTest" assertions="2" time="0.000435"/>
          <testcase name="parseThrowsOnNonNumericValue with data set &quot;plain text&quot;" file="/app/tests/Shared/MoneyTest.php" line="46" class="BankingPipeline\Tests\Shared\MoneyTest" classname="BankingPipeline.Tests.Shared.MoneyTest" assertions="2" time="0.000314"/>
          <testcase name="parseThrowsOnNonNumericValue with data set &quot;partial number&quot;" file="/app/tests/Shared/MoneyTest.php" line="46" class="BankingPipeline\Tests\Shared\MoneyTest" classname="BankingPipeline.Tests.Shared.MoneyTest" assertions="2" time="0.000302"/>
          <testcase name="parseThrowsOnNonNumericValue with data set &quot;NaN&quot;" file="/app/tests/Shared/MoneyTest.php" line="46" class="BankingPipeline\Tests\Shared\MoneyTest" classname="BankingPipeline.Tests.Shared.MoneyTest" assertions="2" time="0.000319"/>
          <testcase name="parseThrowsOnNonNumericValue with data set &quot;hex number&quot;" file="/app/tests/Shared/MoneyTest.php" line="46" class="BankingPipeline\Tests\Shared\MoneyTest" classname="BankingPipeline.Tests.Shared.MoneyTest" assertions="2" time="0.000311"/>
        </testsuite>
        <testcase name="feeComputesCorrectly" file="/app/tests/Shared/MoneyTest.php" line="69" class="BankingPipeline\Tests\Shared\MoneyTest" classname="BankingPipeline.Tests.Shared.MoneyTest" assertions="1" time="0.000976"/>
        <testcase name="feeRoundsHalfUp" file="/app/tests/Shared/MoneyTest.php" line="76" class="BankingPipeline\Tests\Shared\MoneyTest" classname="BankingPipeline.Tests.Shared.MoneyTest" assertions="1" time="0.000319"/>
        <testcase name="feeRoundsHalfUpOnBoundary" file="/app/tests/Shared/MoneyTest.php" line="83" class="BankingPipeline\Tests\Shared\MoneyTest" classname="BankingPipeline.Tests.Shared.MoneyTest" assertions="1" time="0.000317"/>
        <testcase name="feeOnLargeAmountRoundsCorrectly" file="/app/tests/Shared/MoneyTest.php" line="90" class="BankingPipeline\Tests\Shared\MoneyTest" classname="BankingPipeline.Tests.Shared.MoneyTest" assertions="1" time="0.000310"/>
        <testcase name="feeOnAmountThatProducesMidpointRoundsUp" file="/app/tests/Shared/MoneyTest.php" line="97" class="BankingPipeline\Tests\Shared\MoneyTest" classname="BankingPipeline.Tests.Shared.MoneyTest" assertions="1" time="0.000314"/>
        <testcase name="feeThrowsOnNonNumericAmount" file="/app/tests/Shared/MoneyTest.php" line="104" class="BankingPipeline\Tests\Shared\MoneyTest" classname="BankingPipeline.Tests.Shared.MoneyTest" assertions="1" time="0.000293"/>
        <testcase name="feeThrowsOnNonNumericRate" file="/app/tests/Shared/MoneyTest.php" line="111" class="BankingPipeline\Tests\Shared\MoneyTest" classname="BankingPipeline.Tests.Shared.MoneyTest" assertions="1" time="0.000291"/>
        <testcase name="feeRespectsCustomScale" file="/app/tests/Shared/MoneyTest.php" line="118" class="BankingPipeline\Tests\Shared\MoneyTest" classname="BankingPipeline.Tests.Shared.MoneyTest" assertions="1" time="0.000315"/>
        <testcase name="subtractComputesCorrectly" file="/app/tests/Shared/MoneyTest.php" line="129" class="BankingPipeline\Tests\Shared\MoneyTest" classname="BankingPipeline.Tests.Shared.MoneyTest" assertions="1" time="0.000297"/>
        <testcase name="subtractLargeAmounts" file="/app/tests/Shared/MoneyTest.php" line="136" class="BankingPipeline\Tests\Shared\MoneyTest" classname="BankingPipeline.Tests.Shared.MoneyTest" assertions="1" time="0.000291"/>
        <testcase name="subtractProducesNegativeResult" file="/app/tests/Shared/MoneyTest.php" line="143" class="BankingPipeline\Tests\Shared\MoneyTest" classname="BankingPipeline.Tests.Shared.MoneyTest" assertions="1" time="0.000336"/>
        <testcase name="subtractThrowsOnNonNumericMinuend" file="/app/tests/Shared/MoneyTest.php" line="149" class="BankingPipeline\Tests\Shared\MoneyTest" classname="BankingPipeline.Tests.Shared.MoneyTest" assertions="1" time="0.000297"/>
        <testcase name="subtractThrowsOnNonNumericSubtrahend" file="/app/tests/Shared/MoneyTest.php" line="156" class="BankingPipeline\Tests\Shared\MoneyTest" classname="BankingPipeline.Tests.Shared.MoneyTest" assertions="1" time="0.000288"/>
        <testsuite name="BankingPipeline\Tests\Shared\MoneyTest::roundHalfUp" tests="6" assertions="6" errors="0" failures="0" skipped="0" time="0.001914">
          <testcase name="roundHalfUp with data set &quot;already rounded&quot;" file="/app/tests/Shared/MoneyTest.php" line="168" class="BankingPipeline\Tests\Shared\MoneyTest" classname="BankingPipeline.Tests.Shared.MoneyTest" assertions="1" time="0.000302"/>
          <testcase name="roundHalfUp with data set &quot;rounds up at .5&quot;" file="/app/tests/Shared/MoneyTest.php" line="168" class="BankingPipeline\Tests\Shared\MoneyTest" classname="BankingPipeline.Tests.Shared.MoneyTest" assertions="1" time="0.000319"/>
          <testcase name="roundHalfUp with data set &quot;rounds down below .5&quot;" file="/app/tests/Shared/MoneyTest.php" line="168" class="BankingPipeline\Tests\Shared\MoneyTest" classname="BankingPipeline.Tests.Shared.MoneyTest" assertions="1" time="0.000325"/>
          <testcase name="roundHalfUp with data set &quot;rounds up ties half-up&quot;" file="/app/tests/Shared/MoneyTest.php" line="168" class="BankingPipeline\Tests\Shared\MoneyTest" classname="BankingPipeline.Tests.Shared.MoneyTest" assertions="1" time="0.000319"/>
          <testcase name="roundHalfUp with data set &quot;integer string&quot;" file="/app/tests/Shared/MoneyTest.php" line="168" class="BankingPipeline\Tests\Shared\MoneyTest" classname="BankingPipeline.Tests.Shared.MoneyTest" assertions="1" time="0.000328"/>
          <testcase name="roundHalfUp with data set &quot;negative rounds half-up&quot;" file="/app/tests/Shared/MoneyTest.php" line="168" class="BankingPipeline\Tests\Shared\MoneyTest" classname="BankingPipeline.Tests.Shared.MoneyTest" assertions="1" time="0.000321"/>
        </testsuite>
        <testcase name="roundThrowsOnNonNumericInput" file="/app/tests/Shared/MoneyTest.php" line="186" class="BankingPipeline\Tests\Shared\MoneyTest" classname="BankingPipeline.Tests.Shared.MoneyTest" assertions="1" time="0.000287"/>
        <testcase name="compareReturnsNegativeWhenFirstIsSmaller" file="/app/tests/Shared/MoneyTest.php" line="197" class="BankingPipeline\Tests\Shared\MoneyTest" classname="BankingPipeline.Tests.Shared.MoneyTest" assertions="1" time="0.000291"/>
        <testcase name="compareReturnsZeroWhenEqual" file="/app/tests/Shared/MoneyTest.php" line="203" class="BankingPipeline\Tests\Shared\MoneyTest" classname="BankingPipeline.Tests.Shared.MoneyTest" assertions="1" time="0.000282"/>
        <testcase name="compareReturnsPositiveWhenFirstIsLarger" file="/app/tests/Shared/MoneyTest.php" line="209" class="BankingPipeline\Tests\Shared\MoneyTest" classname="BankingPipeline.Tests.Shared.MoneyTest" assertions="1" time="0.000287"/>
        <testcase name="isPositiveReturnsTrueForPositiveAmount" file="/app/tests/Shared/MoneyTest.php" line="219" class="BankingPipeline\Tests\Shared\MoneyTest" classname="BankingPipeline.Tests.Shared.MoneyTest" assertions="1" time="0.000278"/>
        <testcase name="isPositiveReturnsFalseForZero" file="/app/tests/Shared/MoneyTest.php" line="225" class="BankingPipeline\Tests\Shared\MoneyTest" classname="BankingPipeline.Tests.Shared.MoneyTest" assertions="1" time="0.000274"/>
        <testcase name="isPositiveReturnsFalseForNegative" file="/app/tests/Shared/MoneyTest.php" line="231" class="BankingPipeline\Tests\Shared\MoneyTest" classname="BankingPipeline.Tests.Shared.MoneyTest" assertions="1" time="0.000277"/>
        <testcase name="isPositiveThrowsOnNonNumericInput" file="/app/tests/Shared/MoneyTest.php" line="237" class="BankingPipeline\Tests\Shared\MoneyTest" classname="BankingPipeline.Tests.Shared.MoneyTest" assertions="1" time="0.000279"/>
        <testcase name="settlementMathIsCorrectForSampleTransaction" file="/app/tests/Shared/MoneyTest.php" line="248" class="BankingPipeline\Tests\Shared\MoneyTest" classname="BankingPipeline.Tests.Shared.MoneyTest" assertions="2" time="0.000322"/>
        <testcase name="settlementMathIsCorrectForLargeTransaction" file="/app/tests/Shared/MoneyTest.php" line="261" class="BankingPipeline\Tests\Shared\MoneyTest" classname="BankingPipeline.Tests.Shared.MoneyTest" assertions="2" time="0.000326"/>
      </testsuite>
      <testsuite name="BankingPipeline\Tests\Stages\FraudDetectorTest" file="/app/tests/Stages/FraudDetectorTest.php" tests="33" assertions="65" errors="0" failures="0" skipped="0" time="0.032011">
        <testcase name="processForwardsLowRiskTransactionToSettlement" file="/app/tests/Stages/FraudDetectorTest.php" line="75" class="BankingPipeline\Tests\Stages\FraudDetectorTest" classname="BankingPipeline.Tests.Stages.FraudDetectorTest" assertions="2" time="0.001636"/>
        <testcase name="processRecordsRiskScoreOnLowRiskTransaction" file="/app/tests/Stages/FraudDetectorTest.php" line="86" class="BankingPipeline\Tests\Stages\FraudDetectorTest" classname="BankingPipeline.Tests.Stages.FraudDetectorTest" assertions="2" time="0.000819"/>
        <testcase name="processRecordsEmptyReasonsForCleanTransaction" file="/app/tests/Stages/FraudDetectorTest.php" line="97" class="BankingPipeline\Tests\Stages\FraudDetectorTest" classname="BankingPipeline.Tests.Stages.FraudDetectorTest" assertions="2" time="0.000808"/>
        <testcase name="processPreservesOriginalFieldsOnLowRiskTransaction" file="/app/tests/Stages/FraudDetectorTest.php" line="108" class="BankingPipeline\Tests\Stages\FraudDetectorTest" classname="BankingPipeline.Tests.Stages.FraudDetectorTest" assertions="9" time="0.000885"/>
        <testcase name="processDoesNotTriggerHighValueRuleBelowThreshold" file="/app/tests/Stages/FraudDetectorTest.php" line="124" class="BankingPipeline\Tests\Stages\FraudDetectorTest" classname="BankingPipeline.Tests.Stages.FraudDetectorTest" assertions="1" time="0.000923"/>
        <testcase name="processTriggersHighValueRuleAtExactThreshold" file="/app/tests/Stages/FraudDetectorTest.php" line="135" class="BankingPipeline\Tests\Stages\FraudDetectorTest" classname="BankingPipeline.Tests.Stages.FraudDetectorTest" assertions="1" time="0.000945"/>
        <testcase name="processTriggersHighValueRuleAboveThreshold" file="/app/tests/Stages/FraudDetectorTest.php" line="149" class="BankingPipeline\Tests\Stages\FraudDetectorTest" classname="BankingPipeline.Tests.Stages.FraudDetectorTest" assertions="1" time="0.000926"/>
        <testcase name="processHighValueAloneAdds40Points" file="/app/tests/Stages/FraudDetectorTest.php" line="162" class="BankingPipeline\Tests\Stages\FraudDetectorTest" classname="BankingPipeline.Tests.Stages.FraudDetectorTest" assertions="1" time="0.000894"/>
        <testcase name="processTriggersUnusualHourAtMidnight" file="/app/tests/Stages/FraudDetectorTest.php" line="181" class="BankingPipeline\Tests\Stages\FraudDetectorTest" classname="BankingPipeline.Tests.Stages.FraudDetectorTest" assertions="1" time="0.000867"/>
        <testcase name="processTriggersUnusualHourAt0559" file="/app/tests/Stages/FraudDetectorTest.php" line="195" class="BankingPipeline\Tests\Stages\FraudDetectorTest" classname="BankingPipeline.Tests.Stages.FraudDetectorTest" assertions="1" time="0.000847"/>
        <testcase name="processDoesNotTriggerUnusualHourAt0600" file="/app/tests/Stages/FraudDetectorTest.php" line="209" class="BankingPipeline\Tests\Stages\FraudDetectorTest" classname="BankingPipeline.Tests.Stages.FraudDetectorTest" assertions="1" time="0.000842"/>
        <testcase name="processDoesNotTriggerUnusualHourAtNoon" file="/app/tests/Stages/FraudDetectorTest.php" line="223" class="BankingPipeline\Tests\Stages\FraudDetectorTest" classname="BankingPipeline.Tests.Stages.FraudDetectorTest" assertions="1" time="0.000888"/>
        <testcase name="processUnusualHourAloneAdds30Points" file="/app/tests/Stages/FraudDetectorTest.php" line="236" class="BankingPipeline\Tests\Stages\FraudDetectorTest" classname="BankingPipeline.Tests.Stages.FraudDetectorTest" assertions="1" time="0.000845"/>
        <testcase name="processTriggersCrossBorderWhenCountryIsMissing" file="/app/tests/Stages/FraudDetectorTest.php" line="255" class="BankingPipeline\Tests\Stages\FraudDetectorTest" classname="BankingPipeline.Tests.Stages.FraudDetectorTest" assertions="1" time="0.000832"/>
        <testcase name="processTriggersCrossBorderWhenMetadataExistsButCountryMissing" file="/app/tests/Stages/FraudDetectorTest.php" line="267" class="BankingPipeline\Tests\Stages\FraudDetectorTest" classname="BankingPipeline.Tests.Stages.FraudDetectorTest" assertions="1" time="0.000823"/>
        <testcase name="processTriggersCrossBorderForForeignCountry" file="/app/tests/Stages/FraudDetectorTest.php" line="278" class="BankingPipeline\Tests\Stages\FraudDetectorTest" classname="BankingPipeline.Tests.Stages.FraudDetectorTest" assertions="1" time="0.000876"/>
        <testcase name="processDoesNotTriggerCrossBorderForHomeCountry" file="/app/tests/Stages/FraudDetectorTest.php" line="288" class="BankingPipeline\Tests\Stages\FraudDetectorTest" classname="BankingPipeline.Tests.Stages.FraudDetectorTest" assertions="1" time="0.000842"/>
        <testcase name="processCrossBorderAloneAdds30Points" file="/app/tests/Stages/FraudDetectorTest.php" line="298" class="BankingPipeline\Tests\Stages\FraudDetectorTest" classname="BankingPipeline.Tests.Stages.FraudDetectorTest" assertions="1" time="0.000846"/>
        <testcase name="processExactlyCutoffScoreIsHighRisk" file="/app/tests/Stages/FraudDetectorTest.php" line="317" class="BankingPipeline\Tests\Stages\FraudDetectorTest" classname="BankingPipeline.Tests.Stages.FraudDetectorTest" assertions="2" time="0.000859"/>
        <testcase name="processScoreBelowCutoffIsLowRisk" file="/app/tests/Stages/FraudDetectorTest.php" line="334" class="BankingPipeline\Tests\Stages\FraudDetectorTest" classname="BankingPipeline.Tests.Stages.FraudDetectorTest" assertions="2" time="0.000866"/>
        <testcase name="processAllThreeRulesFireScore100" file="/app/tests/Stages/FraudDetectorTest.php" line="350" class="BankingPipeline\Tests\Stages\FraudDetectorTest" classname="BankingPipeline.Tests.Stages.FraudDetectorTest" assertions="2" time="0.000869"/>
        <testcase name="processHighRiskReasonContainsTriggeredRuleNames" file="/app/tests/Stages/FraudDetectorTest.php" line="370" class="BankingPipeline\Tests\Stages\FraudDetectorTest" classname="BankingPipeline.Tests.Stages.FraudDetectorTest" assertions="3" time="0.000975"/>
        <testcase name="processHighRiskReasonContainsScore" file="/app/tests/Stages/FraudDetectorTest.php" line="387" class="BankingPipeline\Tests\Stages\FraudDetectorTest" classname="BankingPipeline.Tests.Stages.FraudDetectorTest" assertions="1" time="0.000929"/>
        <testcase name="processLowRiskHasNoReasonField" file="/app/tests/Stages/FraudDetectorTest.php" line="401" class="BankingPipeline\Tests\Stages\FraudDetectorTest" classname="BankingPipeline.Tests.Stages.FraudDetectorTest" assertions="1" time="0.000878"/>
        <testcase name="processLogsHighRiskOutcome" file="/app/tests/Stages/FraudDetectorTest.php" line="415" class="BankingPipeline\Tests\Stages\FraudDetectorTest" classname="BankingPipeline.Tests.Stages.FraudDetectorTest" assertions="4" time="0.000890"/>
        <testcase name="processLogsFraudCheckedOutcome" file="/app/tests/Stages/FraudDetectorTest.php" line="433" class="BankingPipeline\Tests\Stages\FraudDetectorTest" classname="BankingPipeline.Tests.Stages.FraudDetectorTest" assertions="3" time="0.000919"/>
        <testcase name="processDoesNotLogSourceAccountPii" file="/app/tests/Stages/FraudDetectorTest.php" line="446" class="BankingPipeline\Tests\Stages\FraudDetectorTest" classname="BankingPipeline.Tests.Stages.FraudDetectorTest" assertions="1" time="0.001026"/>
        <testcase name="processDoesNotLogDestinationAccountPii" file="/app/tests/Stages/FraudDetectorTest.php" line="461" class="BankingPipeline\Tests\Stages\FraudDetectorTest" classname="BankingPipeline.Tests.Stages.FraudDetectorTest" assertions="1" time="0.000896"/>
        <testcase name="runForwardsLowRiskToOutput" file="/app/tests/Stages/FraudDetectorTest.php" line="480" class="BankingPipeline\Tests\Stages\FraudDetectorTest" classname="BankingPipeline.Tests.Stages.FraudDetectorTest" assertions="6" time="0.001267"/>
        <testcase name="runWritesHighRiskToResults" file="/app/tests/Stages/FraudDetectorTest.php" line="499" class="BankingPipeline\Tests\Stages\FraudDetectorTest" classname="BankingPipeline.Tests.Stages.FraudDetectorTest" assertions="5" time="0.001351"/>
        <testcase name="runClearsProcessingAfterCompletion" file="/app/tests/Stages/FraudDetectorTest.php" line="523" class="BankingPipeline\Tests\Stages\FraudDetectorTest" classname="BankingPipeline.Tests.Stages.FraudDetectorTest" assertions="1" time="0.001243"/>
        <testcase name="runHandlesMultipleMessages" file="/app/tests/Stages/FraudDetectorTest.php" line="534" class="BankingPipeline\Tests\Stages\FraudDetectorTest" classname="BankingPipeline.Tests.Stages.FraudDetectorTest" assertions="2" time="0.001913"/>
        <testcase name="runReturnsZeroCountsWhenOutputIsEmpty" file="/app/tests/Stages/FraudDetectorTest.php" line="553" class="BankingPipeline\Tests\Stages\FraudDetectorTest" classname="BankingPipeline.Tests.Stages.FraudDetectorTest" assertions="2" time="0.000790"/>
      </testsuite>
      <testsuite name="BankingPipeline\Tests\Stages\SettlementTest" file="/app/tests/Stages/SettlementTest.php" tests="37" assertions="65" errors="0" failures="0" skipped="0" time="0.037857">
        <testcase name="processSettlesANormalTransaction" file="/app/tests/Stages/SettlementTest.php" line="75" class="BankingPipeline\Tests\Stages\SettlementTest" classname="BankingPipeline.Tests.Stages.SettlementTest" assertions="1" time="0.001749"/>
        <testcase name="processComputesCorrectFeeForTypicalAmount" file="/app/tests/Stages/SettlementTest.php" line="85" class="BankingPipeline\Tests\Stages\SettlementTest" classname="BankingPipeline.Tests.Stages.SettlementTest" assertions="1" time="0.000919"/>
        <testcase name="processComputesCorrectNetForTypicalAmount" file="/app/tests/Stages/SettlementTest.php" line="96" class="BankingPipeline\Tests\Stages\SettlementTest" classname="BankingPipeline.Tests.Stages.SettlementTest" assertions="1" time="0.000934"/>
        <testcase name="processFeeAndNetAreBothStrings" file="/app/tests/Stages/SettlementTest.php" line="107" class="BankingPipeline\Tests\Stages\SettlementTest" classname="BankingPipeline.Tests.Stages.SettlementTest" assertions="2" time="0.000941"/>
        <testcase name="processPreservesOriginalFields" file="/app/tests/Stages/SettlementTest.php" line="118" class="BankingPipeline\Tests\Stages\SettlementTest" classname="BankingPipeline.Tests.Stages.SettlementTest" assertions="5" time="0.000895"/>
        <testsuite name="BankingPipeline\Tests\Stages\SettlementTest::processFeeAndNetMatchExpectedValues" tests="8" assertions="16" errors="0" failures="0" skipped="0" time="0.007577">
          <testcase name="processFeeAndNetMatchExpectedValues with data set &quot;typical_1500.00&quot;" file="/app/tests/Stages/SettlementTest.php" line="166" class="BankingPipeline\Tests\Stages\SettlementTest" classname="BankingPipeline.Tests.Stages.SettlementTest" assertions="2" time="0.000893"/>
          <testcase name="processFeeAndNetMatchExpectedValues with data set &quot;round_100.00&quot;" file="/app/tests/Stages/SettlementTest.php" line="166" class="BankingPipeline\Tests\Stages\SettlementTest" classname="BankingPipeline.Tests.Stages.SettlementTest" assertions="2" time="0.000884"/>
          <testcase name="processFeeAndNetMatchExpectedValues with data set &quot;round_200.00&quot;" file="/app/tests/Stages/SettlementTest.php" line="166" class="BankingPipeline\Tests\Stages\SettlementTest" classname="BankingPipeline.Tests.Stages.SettlementTest" assertions="2" time="0.000979"/>
          <testcase name="processFeeAndNetMatchExpectedValues with data set &quot;round_1000.00&quot;" file="/app/tests/Stages/SettlementTest.php" line="166" class="BankingPipeline\Tests\Stages\SettlementTest" classname="BankingPipeline.Tests.Stages.SettlementTest" assertions="2" time="0.001019"/>
          <testcase name="processFeeAndNetMatchExpectedValues with data set &quot;rounding_boundary_2.00&quot;" file="/app/tests/Stages/SettlementTest.php" line="166" class="BankingPipeline\Tests\Stages\SettlementTest" classname="BankingPipeline.Tests.Stages.SettlementTest" assertions="2" time="0.000891"/>
          <testcase name="processFeeAndNetMatchExpectedValues with data set &quot;rounding_boundary_202.00&quot;" file="/app/tests/Stages/SettlementTest.php" line="166" class="BankingPipeline\Tests\Stages\SettlementTest" classname="BankingPipeline.Tests.Stages.SettlementTest" assertions="2" time="0.000877"/>
          <testcase name="processFeeAndNetMatchExpectedValues with data set &quot;tiny_rounds_to_zero_fee&quot;" file="/app/tests/Stages/SettlementTest.php" line="166" class="BankingPipeline\Tests\Stages\SettlementTest" classname="BankingPipeline.Tests.Stages.SettlementTest" assertions="2" time="0.001115"/>
          <testcase name="processFeeAndNetMatchExpectedValues with data set &quot;tiny_rounds_to_one_cent&quot;" file="/app/tests/Stages/SettlementTest.php" line="166" class="BankingPipeline\Tests\Stages\SettlementTest" classname="BankingPipeline.Tests.Stages.SettlementTest" assertions="2" time="0.000917"/>
        </testsuite>
        <testcase name="processHandlesVeryLargeAmountWithoutPrecisionLoss" file="/app/tests/Stages/SettlementTest.php" line="184" class="BankingPipeline\Tests\Stages\SettlementTest" classname="BankingPipeline.Tests.Stages.SettlementTest" assertions="4" time="0.000872"/>
        <testcase name="processHandlesExtremelyLargeAmount" file="/app/tests/Stages/SettlementTest.php" line="199" class="BankingPipeline\Tests\Stages\SettlementTest" classname="BankingPipeline.Tests.Stages.SettlementTest" assertions="2" time="0.000851"/>
        <testcase name="processFeeRoundsHalfUpWhenThirdDecimalIsFive" file="/app/tests/Stages/SettlementTest.php" line="216" class="BankingPipeline\Tests\Stages\SettlementTest" classname="BankingPipeline.Tests.Stages.SettlementTest" assertions="1" time="0.000899"/>
        <testcase name="processFeeRoundsHalfUpWhenRawFeeEndsInXX5" file="/app/tests/Stages/SettlementTest.php" line="228" class="BankingPipeline\Tests\Stages\SettlementTest" classname="BankingPipeline.Tests.Stages.SettlementTest" assertions="1" time="0.000852"/>
        <testcase name="processFeeDoesNotRoundUpWhenThirdDecimalIsFour" file="/app/tests/Stages/SettlementTest.php" line="239" class="BankingPipeline\Tests\Stages\SettlementTest" classname="BankingPipeline.Tests.Stages.SettlementTest" assertions="1" time="0.000860"/>
        <testcase name="processFeeAndNetReconcileToAmountWhenBothExact" file="/app/tests/Stages/SettlementTest.php" line="254" class="BankingPipeline\Tests\Stages\SettlementTest" classname="BankingPipeline.Tests.Stages.SettlementTest" assertions="1" time="0.000868"/>
        <testcase name="processFeeAndNetReconcileWhenFeeIsExactCents" file="/app/tests/Stages/SettlementTest.php" line="269" class="BankingPipeline\Tests\Stages\SettlementTest" classname="BankingPipeline.Tests.Stages.SettlementTest" assertions="1" time="0.000844"/>
        <testcase name="processFeeAndNetReconcileForBoundaryRoundingCase" file="/app/tests/Stages/SettlementTest.php" line="282" class="BankingPipeline\Tests\Stages\SettlementTest" classname="BankingPipeline.Tests.Stages.SettlementTest" assertions="1" time="0.000869"/>
        <testcase name="processFeeAndNetReconcileForSecondBoundaryCase" file="/app/tests/Stages/SettlementTest.php" line="296" class="BankingPipeline\Tests\Stages\SettlementTest" classname="BankingPipeline.Tests.Stages.SettlementTest" assertions="1" time="0.000899"/>
        <testcase name="processFeeAndNetReconcileForZeroFeeCase" file="/app/tests/Stages/SettlementTest.php" line="310" class="BankingPipeline\Tests\Stages\SettlementTest" classname="BankingPipeline.Tests.Stages.SettlementTest" assertions="1" time="0.000851"/>
        <testcase name="processLogsSettledOutcome" file="/app/tests/Stages/SettlementTest.php" line="328" class="BankingPipeline\Tests\Stages\SettlementTest" classname="BankingPipeline.Tests.Stages.SettlementTest" assertions="4" time="0.000879"/>
        <testcase name="processDoesNotLogSourceAccountPii" file="/app/tests/Stages/SettlementTest.php" line="342" class="BankingPipeline\Tests\Stages\SettlementTest" classname="BankingPipeline.Tests.Stages.SettlementTest" assertions="1" time="0.000903"/>
        <testcase name="processDoesNotLogDestinationAccountPii" file="/app/tests/Stages/SettlementTest.php" line="357" class="BankingPipeline\Tests\Stages\SettlementTest" classname="BankingPipeline.Tests.Stages.SettlementTest" assertions="1" time="0.000862"/>
        <testcase name="processLogsAmountFeeAndNet" file="/app/tests/Stages/SettlementTest.php" line="372" class="BankingPipeline\Tests\Stages\SettlementTest" classname="BankingPipeline.Tests.Stages.SettlementTest" assertions="3" time="0.000866"/>
        <testcase name="runSettlesAndWritesToResults" file="/app/tests/Stages/SettlementTest.php" line="389" class="BankingPipeline\Tests\Stages\SettlementTest" classname="BankingPipeline.Tests.Stages.SettlementTest" assertions="2" time="0.001629"/>
        <testcase name="runResultEnvelopeHasCorrectStatus" file="/app/tests/Stages/SettlementTest.php" line="402" class="BankingPipeline\Tests\Stages\SettlementTest" classname="BankingPipeline.Tests.Stages.SettlementTest" assertions="1" time="0.001629"/>
        <testcase name="runResultEnvelopeContainsFeeAndNet" file="/app/tests/Stages/SettlementTest.php" line="415" class="BankingPipeline\Tests\Stages\SettlementTest" classname="BankingPipeline.Tests.Stages.SettlementTest" assertions="4" time="0.001317"/>
        <testcase name="runResultEnvelopeHasCorrectSourceAndTarget" file="/app/tests/Stages/SettlementTest.php" line="431" class="BankingPipeline\Tests\Stages\SettlementTest" classname="BankingPipeline.Tests.Stages.SettlementTest" assertions="2" time="0.001368"/>
        <testcase name="runClearsProcessingAfterCompletion" file="/app/tests/Stages/SettlementTest.php" line="445" class="BankingPipeline\Tests\Stages\SettlementTest" classname="BankingPipeline.Tests.Stages.SettlementTest" assertions="1" time="0.001274"/>
        <testcase name="runClearsOutputAfterProcessing" file="/app/tests/Stages/SettlementTest.php" line="456" class="BankingPipeline\Tests\Stages\SettlementTest" classname="BankingPipeline.Tests.Stages.SettlementTest" assertions="1" time="0.001182"/>
        <testcase name="runHandlesMultipleMessages" file="/app/tests/Stages/SettlementTest.php" line="467" class="BankingPipeline\Tests\Stages\SettlementTest" classname="BankingPipeline.Tests.Stages.SettlementTest" assertions="2" time="0.001870"/>
        <testcase name="runReturnsZeroCountWhenOutputIsEmpty" file="/app/tests/Stages/SettlementTest.php" line="482" class="BankingPipeline\Tests\Stages\SettlementTest" classname="BankingPipeline.Tests.Stages.SettlementTest" assertions="1" time="0.000915"/>
        <testcase name="feeRateConstantIsDefinedAndCorrect" file="/app/tests/Stages/SettlementTest.php" line="494" class="BankingPipeline\Tests\Stages\SettlementTest" classname="BankingPipeline.Tests.Stages.SettlementTest" assertions="1" time="0.000756"/>
        <testcase name="feeRateDescriptionMatchesActualRate" file="/app/tests/Stages/SettlementTest.php" line="500" class="BankingPipeline\Tests\Stages\SettlementTest" classname="BankingPipeline.Tests.Stages.SettlementTest" assertions="1" time="0.000729"/>
      </testsuite>
      <testsuite name="BankingPipeline\Tests\Stages\ValidatorTest" file="/app/tests/Stages/ValidatorTest.php" tests="46" assertions="129" errors="0" failures="0" skipped="0" time="0.042496">
        <testcase name="processAcceptsFullyValidTransaction" file="/app/tests/Stages/ValidatorTest.php" line="64" class="BankingPipeline\Tests\Stages\ValidatorTest" classname="BankingPipeline.Tests.Stages.ValidatorTest" assertions="2" time="0.001894"/>
        <testcase name="processPreservesAllOriginalFieldsWhenValid" file="/app/tests/Stages/ValidatorTest.php" line="75" class="BankingPipeline\Tests\Stages\ValidatorTest" classname="BankingPipeline.Tests.Stages.ValidatorTest" assertions="14" time="0.001241"/>
        <testsuite name="BankingPipeline\Tests\Stages\ValidatorTest::processRejectsWhenRequiredFieldIsMissing" tests="7" assertions="28" errors="0" failures="0" skipped="0" time="0.006062">
          <testcase name="processRejectsWhenRequiredFieldIsMissing with data set &quot;transaction_id&quot;" file="/app/tests/Stages/ValidatorTest.php" line="94" class="BankingPipeline\Tests\Stages\ValidatorTest" classname="BankingPipeline.Tests.Stages.ValidatorTest" assertions="4" time="0.001110"/>
          <testcase name="processRejectsWhenRequiredFieldIsMissing with data set &quot;timestamp&quot;" file="/app/tests/Stages/ValidatorTest.php" line="94" class="BankingPipeline\Tests\Stages\ValidatorTest" classname="BankingPipeline.Tests.Stages.ValidatorTest" assertions="4" time="0.000873"/>
          <testcase name="processRejectsWhenRequiredFieldIsMissing with data set &quot;source_account&quot;" file="/app/tests/Stages/ValidatorTest.php" line="94" class="BankingPipeline\Tests\Stages\ValidatorTest" classname="BankingPipeline.Tests.Stages.ValidatorTest" assertions="4" time="0.000803"/>
          <testcase name="processRejectsWhenRequiredFieldIsMissing with data set &quot;destination_account&quot;" file="/app/tests/Stages/ValidatorTest.php" line="94" class="BankingPipeline\Tests\Stages\ValidatorTest" classname="BankingPipeline.Tests.Stages.ValidatorTest" assertions="4" time="0.000830"/>
          <testcase name="processRejectsWhenRequiredFieldIsMissing with data set &quot;amount&quot;" file="/app/tests/Stages/ValidatorTest.php" line="94" class="BankingPipeline\Tests\Stages\ValidatorTest" classname="BankingPipeline.Tests.Stages.ValidatorTest" assertions="4" time="0.000798"/>
          <testcase name="processRejectsWhenRequiredFieldIsMissing with data set &quot;currency&quot;" file="/app/tests/Stages/ValidatorTest.php" line="94" class="BankingPipeline\Tests\Stages\ValidatorTest" classname="BankingPipeline.Tests.Stages.ValidatorTest" assertions="4" time="0.000845"/>
          <testcase name="processRejectsWhenRequiredFieldIsMissing with data set &quot;transaction_type&quot;" file="/app/tests/Stages/ValidatorTest.php" line="94" class="BankingPipeline\Tests\Stages\ValidatorTest" classname="BankingPipeline.Tests.Stages.ValidatorTest" assertions="4" time="0.000802"/>
        </testsuite>
        <testsuite name="BankingPipeline\Tests\Stages\ValidatorTest::processRejectsWhenRequiredFieldIsEmpty" tests="7" assertions="21" errors="0" failures="0" skipped="0" time="0.006621">
          <testcase name="processRejectsWhenRequiredFieldIsEmpty with data set &quot;transaction_id&quot;" file="/app/tests/Stages/ValidatorTest.php" line="126" class="BankingPipeline\Tests\Stages\ValidatorTest" classname="BankingPipeline.Tests.Stages.ValidatorTest" assertions="3" time="0.000802"/>
          <testcase name="processRejectsWhenRequiredFieldIsEmpty with data set &quot;timestamp&quot;" file="/app/tests/Stages/ValidatorTest.php" line="126" class="BankingPipeline\Tests\Stages\ValidatorTest" classname="BankingPipeline.Tests.Stages.ValidatorTest" assertions="3" time="0.000795"/>
          <testcase name="processRejectsWhenRequiredFieldIsEmpty with data set &quot;source_account&quot;" file="/app/tests/Stages/ValidatorTest.php" line="126" class="BankingPipeline\Tests\Stages\ValidatorTest" classname="BankingPipeline.Tests.Stages.ValidatorTest" assertions="3" time="0.000904"/>
          <testcase name="processRejectsWhenRequiredFieldIsEmpty with data set &quot;destination_account&quot;" file="/app/tests/Stages/ValidatorTest.php" line="126" class="BankingPipeline\Tests\Stages\ValidatorTest" classname="BankingPipeline.Tests.Stages.ValidatorTest" assertions="3" time="0.001052"/>
          <testcase name="processRejectsWhenRequiredFieldIsEmpty with data set &quot;amount&quot;" file="/app/tests/Stages/ValidatorTest.php" line="126" class="BankingPipeline\Tests\Stages\ValidatorTest" classname="BankingPipeline.Tests.Stages.ValidatorTest" assertions="3" time="0.001263"/>
          <testcase name="processRejectsWhenRequiredFieldIsEmpty with data set &quot;currency&quot;" file="/app/tests/Stages/ValidatorTest.php" line="126" class="BankingPipeline\Tests\Stages\ValidatorTest" classname="BankingPipeline.Tests.Stages.ValidatorTest" assertions="3" time="0.000856"/>
          <testcase name="processRejectsWhenRequiredFieldIsEmpty with data set &quot;transaction_type&quot;" file="/app/tests/Stages/ValidatorTest.php" line="126" class="BankingPipeline\Tests\Stages\ValidatorTest" classname="BankingPipeline.Tests.Stages.ValidatorTest" assertions="3" time="0.000950"/>
        </testsuite>
        <testsuite name="BankingPipeline\Tests\Stages\ValidatorTest::processRejectsWhenRequiredFieldIsNull" tests="7" assertions="14" errors="0" failures="0" skipped="0" time="0.005902">
          <testcase name="processRejectsWhenRequiredFieldIsNull with data set &quot;transaction_id&quot;" file="/app/tests/Stages/ValidatorTest.php" line="140" class="BankingPipeline\Tests\Stages\ValidatorTest" classname="BankingPipeline.Tests.Stages.ValidatorTest" assertions="2" time="0.001094"/>
          <testcase name="processRejectsWhenRequiredFieldIsNull with data set &quot;timestamp&quot;" file="/app/tests/Stages/ValidatorTest.php" line="140" class="BankingPipeline\Tests\Stages\ValidatorTest" classname="BankingPipeline.Tests.Stages.ValidatorTest" assertions="2" time="0.000800"/>
          <testcase name="processRejectsWhenRequiredFieldIsNull with data set &quot;source_account&quot;" file="/app/tests/Stages/ValidatorTest.php" line="140" class="BankingPipeline\Tests\Stages\ValidatorTest" classname="BankingPipeline.Tests.Stages.ValidatorTest" assertions="2" time="0.000785"/>
          <testcase name="processRejectsWhenRequiredFieldIsNull with data set &quot;destination_account&quot;" file="/app/tests/Stages/ValidatorTest.php" line="140" class="BankingPipeline\Tests\Stages\ValidatorTest" classname="BankingPipeline.Tests.Stages.ValidatorTest" assertions="2" time="0.000797"/>
          <testcase name="processRejectsWhenRequiredFieldIsNull with data set &quot;amount&quot;" file="/app/tests/Stages/ValidatorTest.php" line="140" class="BankingPipeline\Tests\Stages\ValidatorTest" classname="BankingPipeline.Tests.Stages.ValidatorTest" assertions="2" time="0.000788"/>
          <testcase name="processRejectsWhenRequiredFieldIsNull with data set &quot;currency&quot;" file="/app/tests/Stages/ValidatorTest.php" line="140" class="BankingPipeline\Tests\Stages\ValidatorTest" classname="BankingPipeline.Tests.Stages.ValidatorTest" assertions="2" time="0.000840"/>
          <testcase name="processRejectsWhenRequiredFieldIsNull with data set &quot;transaction_type&quot;" file="/app/tests/Stages/ValidatorTest.php" line="140" class="BankingPipeline\Tests\Stages\ValidatorTest" classname="BankingPipeline.Tests.Stages.ValidatorTest" assertions="2" time="0.000799"/>
        </testsuite>
        <testcase name="processRejectsNegativeAmount" file="/app/tests/Stages/ValidatorTest.php" line="156" class="BankingPipeline\Tests\Stages\ValidatorTest" classname="BankingPipeline.Tests.Stages.ValidatorTest" assertions="3" time="0.000816"/>
        <testcase name="processRejectsZeroAmount" file="/app/tests/Stages/ValidatorTest.php" line="168" class="BankingPipeline\Tests\Stages\ValidatorTest" classname="BankingPipeline.Tests.Stages.ValidatorTest" assertions="2" time="0.000797"/>
        <testcase name="processRejectsZeroDecimalAmount" file="/app/tests/Stages/ValidatorTest.php" line="179" class="BankingPipeline\Tests\Stages\ValidatorTest" classname="BankingPipeline.Tests.Stages.ValidatorTest" assertions="2" time="0.000786"/>
        <testcase name="processRejectsNonNumericAmount" file="/app/tests/Stages/ValidatorTest.php" line="190" class="BankingPipeline\Tests\Stages\ValidatorTest" classname="BankingPipeline.Tests.Stages.ValidatorTest" assertions="3" time="0.000833"/>
        <testcase name="processRejectsAmountWithLettersSuffix" file="/app/tests/Stages/ValidatorTest.php" line="202" class="BankingPipeline\Tests\Stages\ValidatorTest" classname="BankingPipeline.Tests.Stages.ValidatorTest" assertions="2" time="0.000793"/>
        <testcase name="processAcceptsPositiveDecimalAmount" file="/app/tests/Stages/ValidatorTest.php" line="213" class="BankingPipeline\Tests\Stages\ValidatorTest" classname="BankingPipeline.Tests.Stages.ValidatorTest" assertions="1" time="0.000796"/>
        <testcase name="processAcceptsLargeAmount" file="/app/tests/Stages/ValidatorTest.php" line="223" class="BankingPipeline\Tests\Stages\ValidatorTest" classname="BankingPipeline.Tests.Stages.ValidatorTest" assertions="1" time="0.000799"/>
        <testcase name="processRejectsUnknownCurrencyCode" file="/app/tests/Stages/ValidatorTest.php" line="237" class="BankingPipeline\Tests\Stages\ValidatorTest" classname="BankingPipeline.Tests.Stages.ValidatorTest" assertions="3" time="0.000822"/>
        <testcase name="processRejectsLowercaseCurrencyCode" file="/app/tests/Stages/ValidatorTest.php" line="249" class="BankingPipeline\Tests\Stages\ValidatorTest" classname="BankingPipeline.Tests.Stages.ValidatorTest" assertions="2" time="0.000851"/>
        <testcase name="processAcceptsUsdCurrency" file="/app/tests/Stages/ValidatorTest.php" line="261" class="BankingPipeline\Tests\Stages\ValidatorTest" classname="BankingPipeline.Tests.Stages.ValidatorTest" assertions="1" time="0.000799"/>
        <testcase name="processAcceptsEurCurrency" file="/app/tests/Stages/ValidatorTest.php" line="271" class="BankingPipeline\Tests\Stages\ValidatorTest" classname="BankingPipeline.Tests.Stages.ValidatorTest" assertions="1" time="0.000794"/>
        <testcase name="processAcceptsGbpCurrency" file="/app/tests/Stages/ValidatorTest.php" line="281" class="BankingPipeline\Tests\Stages\ValidatorTest" classname="BankingPipeline.Tests.Stages.ValidatorTest" assertions="1" time="0.000789"/>
        <testcase name="processAcceptsJpyCurrency" file="/app/tests/Stages/ValidatorTest.php" line="291" class="BankingPipeline\Tests\Stages\ValidatorTest" classname="BankingPipeline.Tests.Stages.ValidatorTest" assertions="1" time="0.000858"/>
        <testcase name="rejectionReasonDescribesTheProblem" file="/app/tests/Stages/ValidatorTest.php" line="305" class="BankingPipeline\Tests\Stages\ValidatorTest" classname="BankingPipeline.Tests.Stages.ValidatorTest" assertions="2" time="0.000798"/>
        <testcase name="processLogsValidatedOutcome" file="/app/tests/Stages/ValidatorTest.php" line="321" class="BankingPipeline\Tests\Stages\ValidatorTest" classname="BankingPipeline.Tests.Stages.ValidatorTest" assertions="4" time="0.000806"/>
        <testcase name="processLogsRejectedOutcome" file="/app/tests/Stages/ValidatorTest.php" line="335" class="BankingPipeline\Tests\Stages\ValidatorTest" classname="BankingPipeline.Tests.Stages.ValidatorTest" assertions="3" time="0.000859"/>
        <testcase name="processDoesNotLogPiiSourceAccount" file="/app/tests/Stages/ValidatorTest.php" line="348" class="BankingPipeline\Tests\Stages\ValidatorTest" classname="BankingPipeline.Tests.Stages.ValidatorTest" assertions="1" time="0.000805"/>
        <testcase name="processDoesNotLogPiiDestinationAccount" file="/app/tests/Stages/ValidatorTest.php" line="365" class="BankingPipeline\Tests\Stages\ValidatorTest" classname="BankingPipeline.Tests.Stages.ValidatorTest" assertions="1" time="0.000823"/>
        <testcase name="runProcessesValidTransactionToOutput" file="/app/tests/Stages/ValidatorTest.php" line="386" class="BankingPipeline\Tests\Stages\ValidatorTest" classname="BankingPipeline.Tests.Stages.ValidatorTest" assertions="6" time="0.001165"/>
        <testcase name="runProcessesRejectedTransactionToResults" file="/app/tests/Stages/ValidatorTest.php" line="406" class="BankingPipeline\Tests\Stages\ValidatorTest" classname="BankingPipeline.Tests.Stages.ValidatorTest" assertions="5" time="0.001186"/>
        <testcase name="runClearsProcessingAfterCompletion" file="/app/tests/Stages/ValidatorTest.php" line="425" class="BankingPipeline\Tests\Stages\ValidatorTest" classname="BankingPipeline.Tests.Stages.ValidatorTest" assertions="1" time="0.001125"/>
        <testcase name="runHandlesMultipleFilesInInput" file="/app/tests/Stages/ValidatorTest.php" line="437" class="BankingPipeline\Tests\Stages\ValidatorTest" classname="BankingPipeline.Tests.Stages.ValidatorTest" assertions="2" time="0.001860"/>
        <testcase name="runReturnsZeroCountsWhenInputIsEmpty" file="/app/tests/Stages/ValidatorTest.php" line="455" class="BankingPipeline\Tests\Stages\ValidatorTest" classname="BankingPipeline.Tests.Stages.ValidatorTest" assertions="2" time="0.000817"/>
      </testsuite>
      <testsuite name="BankingPipeline\Tests\Pipeline\IntegratorTest" file="/app/tests/Pipeline/IntegratorTest.php" tests="18" assertions="51" errors="0" failures="0" skipped="0" time="0.038675">
        <testcase name="happyPath_singleValidTransaction_producesOneSettledResult" file="/app/tests/Pipeline/IntegratorTest.php" line="157" class="BankingPipeline\Tests\Pipeline\IntegratorTest" classname="BankingPipeline.Tests.Pipeline.IntegratorTest" assertions="5" time="0.002574"/>
        <testcase name="happyPath_multipleValidTransactions_eachProducesExactlyOneResult" file="/app/tests/Pipeline/IntegratorTest.php" line="177" class="BankingPipeline\Tests\Pipeline\IntegratorTest" classname="BankingPipeline.Tests.Pipeline.IntegratorTest" assertions="2" time="0.003417"/>
        <testcase name="mixedTransactions_settledAndRejected_eachReachesResults" file="/app/tests/Pipeline/IntegratorTest.php" line="198" class="BankingPipeline\Tests\Pipeline\IntegratorTest" classname="BankingPipeline.Tests.Pipeline.IntegratorTest" assertions="4" time="0.003762"/>
        <testcase name="settledTransaction_hasFeeAndNetFields" file="/app/tests/Pipeline/IntegratorTest.php" line="286" class="BankingPipeline\Tests\Pipeline\IntegratorTest" classname="BankingPipeline.Tests.Pipeline.IntegratorTest" assertions="3" time="0.001936"/>
        <testcase name="validatorRejection_missingField_reachesResults" file="/app/tests/Pipeline/IntegratorTest.php" line="303" class="BankingPipeline\Tests\Pipeline\IntegratorTest" classname="BankingPipeline.Tests.Pipeline.IntegratorTest" assertions="4" time="0.001509"/>
        <testcase name="fraudDetectorRejection_highRisk_reachesResults" file="/app/tests/Pipeline/IntegratorTest.php" line="323" class="BankingPipeline\Tests\Pipeline\IntegratorTest" classname="BankingPipeline.Tests.Pipeline.IntegratorTest" assertions="4" time="0.001713"/>
        <testcase name="capturingSink_receivesProgressOutput" file="/app/tests/Pipeline/IntegratorTest.php" line="349" class="BankingPipeline\Tests\Pipeline\IntegratorTest" classname="BankingPipeline.Tests.Pipeline.IntegratorTest" assertions="5" time="0.001880"/>
        <testcase name="silentSink_emitsNothingToStdout" file="/app/tests/Pipeline/IntegratorTest.php" line="365" class="BankingPipeline\Tests\Pipeline\IntegratorTest" classname="BankingPipeline.Tests.Pipeline.IntegratorTest" assertions="1" time="0.001912"/>
        <testcase name="emptyInputFile_returnsZeroAndNoResults" file="/app/tests/Pipeline/IntegratorTest.php" line="384" class="BankingPipeline\Tests\Pipeline\IntegratorTest" classname="BankingPipeline.Tests.Pipeline.IntegratorTest" assertions="2" time="0.000977"/>
        <testcase name="emptyInputFile_outputHasEarlyExitMessage" file="/app/tests/Pipeline/IntegratorTest.php" line="396" class="BankingPipeline\Tests\Pipeline\IntegratorTest" classname="BankingPipeline.Tests.Pipeline.IntegratorTest" assertions="1" time="0.000924"/>
        <testcase name="malformedTopLevelJson_returnsFatalError" file="/app/tests/Pipeline/IntegratorTest.php" line="412" class="BankingPipeline\Tests\Pipeline\IntegratorTest" classname="BankingPipeline.Tests.Pipeline.IntegratorTest" assertions="2" time="0.000962"/>
        <testcase name="malformedRecord_nonObjectElement_isSkippedAndReconciliationFails" file="/app/tests/Pipeline/IntegratorTest.php" line="426" class="BankingPipeline\Tests\Pipeline\IntegratorTest" classname="BankingPipeline.Tests.Pipeline.IntegratorTest" assertions="3" time="0.002007"/>
        <testcase name="malformedRecord_allSkipped_reconciliationPassesAtZero" file="/app/tests/Pipeline/IntegratorTest.php" line="456" class="BankingPipeline\Tests\Pipeline\IntegratorTest" classname="BankingPipeline.Tests.Pipeline.IntegratorTest" assertions="2" time="0.000974"/>
        <testcase name="dirtyShared_clearsPriorRunState" file="/app/tests/Pipeline/IntegratorTest.php" line="474" class="BankingPipeline\Tests\Pipeline\IntegratorTest" classname="BankingPipeline.Tests.Pipeline.IntegratorTest" assertions="3" time="0.003601"/>
        <testcase name="dirtyShared_priorResultsAreCleared_notAccumulated" file="/app/tests/Pipeline/IntegratorTest.php" line="499" class="BankingPipeline\Tests\Pipeline\IntegratorTest" classname="BankingPipeline.Tests.Pipeline.IntegratorTest" assertions="2" time="0.002946"/>
        <testcase name="missingInputFile_returnsNonZeroExitCode" file="/app/tests/Pipeline/IntegratorTest.php" line="526" class="BankingPipeline\Tests\Pipeline\IntegratorTest" classname="BankingPipeline.Tests.Pipeline.IntegratorTest" assertions="2" time="0.000878"/>
        <testcase name="sampleTransactionsFixture_eightTransactions_eachReachesResults" file="/app/tests/Pipeline/IntegratorTest.php" line="542" class="BankingPipeline\Tests\Pipeline\IntegratorTest" classname="BankingPipeline.Tests.Pipeline.IntegratorTest" assertions="4" time="0.005802"/>
        <testcase name="topLevelJsonObject_notArray_returnsFatalError" file="/app/tests/Pipeline/IntegratorTest.php" line="623" class="BankingPipeline\Tests\Pipeline\IntegratorTest" classname="BankingPipeline.Tests.Pipeline.IntegratorTest" assertions="2" time="0.000899"/>
      </testsuite>
      <testsuite name="BankingPipeline\Tests\Pipeline\ReporterTest" file="/app/tests/Pipeline/ReporterTest.php" tests="22" assertions="70" errors="0" failures="0" skipped="0" time="0.018044">
        <testcase name="mixedRunProducesCorrectCountsAndBreakdown" file="/app/tests/Pipeline/ReporterTest.php" line="109" class="BankingPipeline\Tests\Pipeline\ReporterTest" classname="BankingPipeline.Tests.Pipeline.ReporterTest" assertions="7" time="0.001832"/>
        <testcase name="settledPlusRejectedEqualsTotalProcessed" file="/app/tests/Pipeline/ReporterTest.php" line="141" class="BankingPipeline\Tests\Pipeline\ReporterTest" classname="BankingPipeline.Tests.Pipeline.ReporterTest" assertions="1" time="0.000875"/>
        <testcase name="zeroResultsProducesAllZerosAndWritesFiles" file="/app/tests/Pipeline/ReporterTest.php" line="161" class="BankingPipeline\Tests\Pipeline\ReporterTest" classname="BankingPipeline.Tests.Pipeline.ReporterTest" assertions="6" time="0.000579"/>
        <testcase name="zeroResultsWhenDirectoryDoesNotExist" file="/app/tests/Pipeline/ReporterTest.php" line="178" class="BankingPipeline\Tests\Pipeline\ReporterTest" classname="BankingPipeline.Tests.Pipeline.ReporterTest" assertions="5" time="0.000620"/>
        <testcase name="allRejectedRunHasZeroSettled" file="/app/tests/Pipeline/ReporterTest.php" line="199" class="BankingPipeline\Tests\Pipeline\ReporterTest" classname="BankingPipeline.Tests.Pipeline.ReporterTest" assertions="4" time="0.000965"/>
        <testcase name="allSettledRunHasEmptyBreakdown" file="/app/tests/Pipeline/ReporterTest.php" line="219" class="BankingPipeline\Tests\Pipeline\ReporterTest" classname="BankingPipeline.Tests.Pipeline.ReporterTest" assertions="4" time="0.000774"/>
        <testcase name="ownSummaryFilesAreNotCountedAsTransactions" file="/app/tests/Pipeline/ReporterTest.php" line="238" class="BankingPipeline\Tests\Pipeline\ReporterTest" classname="BankingPipeline.Tests.Pipeline.ReporterTest" assertions="4" time="0.001055"/>
        <testcase name="malformedResultFileIsSkippedAndRecordedInErrors" file="/app/tests/Pipeline/ReporterTest.php" line="262" class="BankingPipeline\Tests\Pipeline\ReporterTest" classname="BankingPipeline.Tests.Pipeline.ReporterTest" assertions="4" time="0.000779"/>
        <testcase name="emptyFileIsSkippedAndRecordedInErrors" file="/app/tests/Pipeline/ReporterTest.php" line="281" class="BankingPipeline\Tests\Pipeline\ReporterTest" classname="BankingPipeline.Tests.Pipeline.ReporterTest" assertions="2" time="0.000792"/>
        <testcase name="summaryJsonHasRequiredKeys" file="/app/tests/Pipeline/ReporterTest.php" line="298" class="BankingPipeline\Tests\Pipeline\ReporterTest" classname="BankingPipeline.Tests.Pipeline.ReporterTest" assertions="14" time="0.000841"/>
        <testcase name="summaryTxtContainsHeadlineCounts" file="/app/tests/Pipeline/ReporterTest.php" line="329" class="BankingPipeline\Tests\Pipeline\ReporterTest" classname="BankingPipeline.Tests.Pipeline.ReporterTest" assertions="5" time="0.000798"/>
        <testcase name="summaryTxtHasNoBreakdownSectionWhenAllSettled" file="/app/tests/Pipeline/ReporterTest.php" line="349" class="BankingPipeline\Tests\Pipeline\ReporterTest" classname="BankingPipeline.Tests.Pipeline.ReporterTest" assertions="1" time="0.000709"/>
        <testsuite name="BankingPipeline\Tests\Pipeline\ReporterTest::reasonIsNormalisedToExpectedCategory" tests="9" assertions="9" errors="0" failures="0" skipped="0" time="0.006625">
          <testcase name="reasonIsNormalisedToExpectedCategory with data set &quot;missing field — generic&quot;" file="/app/tests/Pipeline/ReporterTest.php" line="382" class="BankingPipeline\Tests\Pipeline\ReporterTest" classname="BankingPipeline.Tests.Pipeline.ReporterTest" assertions="1" time="0.000738"/>
          <testcase name="reasonIsNormalisedToExpectedCategory with data set &quot;missing field — required field&quot;" file="/app/tests/Pipeline/ReporterTest.php" line="382" class="BankingPipeline\Tests\Pipeline\ReporterTest" classname="BankingPipeline.Tests.Pipeline.ReporterTest" assertions="1" time="0.000721"/>
          <testcase name="reasonIsNormalisedToExpectedCategory with data set &quot;non-positive — greater than zero&quot;" file="/app/tests/Pipeline/ReporterTest.php" line="382" class="BankingPipeline\Tests\Pipeline\ReporterTest" classname="BankingPipeline.Tests.Pipeline.ReporterTest" assertions="1" time="0.000729"/>
          <testcase name="reasonIsNormalisedToExpectedCategory with data set &quot;non-positive — zero&quot;" file="/app/tests/Pipeline/ReporterTest.php" line="382" class="BankingPipeline\Tests\Pipeline\ReporterTest" classname="BankingPipeline.Tests.Pipeline.ReporterTest" assertions="1" time="0.000722"/>
          <testcase name="reasonIsNormalisedToExpectedCategory with data set &quot;invalid currency — currency word&quot;" file="/app/tests/Pipeline/ReporterTest.php" line="382" class="BankingPipeline\Tests\Pipeline\ReporterTest" classname="BankingPipeline.Tests.Pipeline.ReporterTest" assertions="1" time="0.000727"/>
          <testcase name="reasonIsNormalisedToExpectedCategory with data set &quot;invalid currency — iso 4217&quot;" file="/app/tests/Pipeline/ReporterTest.php" line="382" class="BankingPipeline\Tests\Pipeline\ReporterTest" classname="BankingPipeline.Tests.Pipeline.ReporterTest" assertions="1" time="0.000717"/>
          <testcase name="reasonIsNormalisedToExpectedCategory with data set &quot;high risk — high-risk phrase&quot;" file="/app/tests/Pipeline/ReporterTest.php" line="382" class="BankingPipeline\Tests\Pipeline\ReporterTest" classname="BankingPipeline.Tests.Pipeline.ReporterTest" assertions="1" time="0.000724"/>
          <testcase name="reasonIsNormalisedToExpectedCategory with data set &quot;high risk — risk score phrase&quot;" file="/app/tests/Pipeline/ReporterTest.php" line="382" class="BankingPipeline\Tests\Pipeline\ReporterTest" classname="BankingPipeline.Tests.Pipeline.ReporterTest" assertions="1" time="0.000814"/>
          <testcase name="reasonIsNormalisedToExpectedCategory with data set &quot;unknown reason&quot;" file="/app/tests/Pipeline/ReporterTest.php" line="382" class="BankingPipeline\Tests\Pipeline\ReporterTest" classname="BankingPipeline.Tests.Pipeline.ReporterTest" assertions="1" time="0.000734"/>
        </testsuite>
        <testcase name="returnValueMatchesSummaryJsonContents" file="/app/tests/Pipeline/ReporterTest.php" line="401" class="BankingPipeline\Tests\Pipeline\ReporterTest" classname="BankingPipeline.Tests.Pipeline.ReporterTest" assertions="4" time="0.000802"/>
      </testsuite>
      <testsuite name="BankingPipeline\Tests\Mcp\PipelineStatusReaderTest" file="/app/tests/Mcp/PipelineStatusReaderTest.php" tests="14" assertions="42" errors="0" failures="0" skipped="0" time="0.008107">
        <testcase name="getTransactionStatusReturnsSettledWithFeeAndNet" file="/app/tests/Mcp/PipelineStatusReaderTest.php" line="87" class="BankingPipeline\Tests\Mcp\PipelineStatusReaderTest" classname="BankingPipeline.Tests.Mcp.PipelineStatusReaderTest" assertions="8" time="0.001194"/>
        <testcase name="getTransactionStatusReturnsRejectedWithReason" file="/app/tests/Mcp/PipelineStatusReaderTest.php" line="115" class="BankingPipeline\Tests\Mcp\PipelineStatusReaderTest" classname="BankingPipeline.Tests.Mcp.PipelineStatusReaderTest" assertions="6" time="0.000619"/>
        <testcase name="getTransactionStatusReturnsNotFoundForUnknownId" file="/app/tests/Mcp/PipelineStatusReaderTest.php" line="138" class="BankingPipeline\Tests\Mcp\PipelineStatusReaderTest" classname="BankingPipeline.Tests.Mcp.PipelineStatusReaderTest" assertions="4" time="0.000615"/>
        <testcase name="getTransactionStatusReturnsErrorForEmptyId" file="/app/tests/Mcp/PipelineStatusReaderTest.php" line="163" class="BankingPipeline\Tests\Mcp\PipelineStatusReaderTest" classname="BankingPipeline.Tests.Mcp.PipelineStatusReaderTest" assertions="2" time="0.000427"/>
        <testcase name="listPipelineResultsReturnsMixedResults" file="/app/tests/Mcp/PipelineStatusReaderTest.php" line="176" class="BankingPipeline\Tests\Mcp\PipelineStatusReaderTest" classname="BankingPipeline.Tests.Mcp.PipelineStatusReaderTest" assertions="6" time="0.000759"/>
        <testcase name="listPipelineResultsReturnsEmptyForEmptyDir" file="/app/tests/Mcp/PipelineStatusReaderTest.php" line="220" class="BankingPipeline\Tests\Mcp\PipelineStatusReaderTest" classname="BankingPipeline.Tests.Mcp.PipelineStatusReaderTest" assertions="2" time="0.000452"/>
        <testcase name="listPipelineResultsReturnsEmptyWhenDirAbsent" file="/app/tests/Mcp/PipelineStatusReaderTest.php" line="233" class="BankingPipeline\Tests\Mcp\PipelineStatusReaderTest" classname="BankingPipeline.Tests.Mcp.PipelineStatusReaderTest" assertions="2" time="0.000429"/>
        <testcase name="getPipelineSummaryReturnsSummaryTxt" file="/app/tests/Mcp/PipelineStatusReaderTest.php" line="248" class="BankingPipeline\Tests\Mcp\PipelineStatusReaderTest" classname="BankingPipeline.Tests.Mcp.PipelineStatusReaderTest" assertions="1" time="0.000519"/>
        <testcase name="getPipelineSummaryFallsBackToSummaryJson" file="/app/tests/Mcp/PipelineStatusReaderTest.php" line="263" class="BankingPipeline\Tests\Mcp\PipelineStatusReaderTest" classname="BankingPipeline.Tests.Mcp.PipelineStatusReaderTest" assertions="3" time="0.000515"/>
        <testcase name="getPipelineSummaryReturnsPlaceholderWhenNoSummaryExists" file="/app/tests/Mcp/PipelineStatusReaderTest.php" line="292" class="BankingPipeline\Tests\Mcp\PipelineStatusReaderTest" classname="BankingPipeline.Tests.Mcp.PipelineStatusReaderTest" assertions="1" time="0.000435"/>
        <testcase name="getPipelineSummaryReturnsPlaceholderWhenDirAbsent" file="/app/tests/Mcp/PipelineStatusReaderTest.php" line="304" class="BankingPipeline\Tests\Mcp\PipelineStatusReaderTest" classname="BankingPipeline.Tests.Mcp.PipelineStatusReaderTest" assertions="1" time="0.000425"/>
        <testcase name="listPipelineResultsSkipsMalformedFiles" file="/app/tests/Mcp/PipelineStatusReaderTest.php" line="318" class="BankingPipeline\Tests\Mcp\PipelineStatusReaderTest" classname="BankingPipeline.Tests.Mcp.PipelineStatusReaderTest" assertions="2" time="0.000658"/>
        <testcase name="listPipelineResultsExcludesSummaryFiles" file="/app/tests/Mcp/PipelineStatusReaderTest.php" line="342" class="BankingPipeline\Tests\Mcp\PipelineStatusReaderTest" classname="BankingPipeline.Tests.Mcp.PipelineStatusReaderTest" assertions="2" time="0.000626"/>
        <testcase name="getTransactionStatusReturnsNotFoundWhenDirAbsent" file="/app/tests/Mcp/PipelineStatusReaderTest.php" line="373" class="BankingPipeline\Tests\Mcp\PipelineStatusReaderTest" classname="BankingPipeline.Tests.Mcp.PipelineStatusReaderTest" assertions="2" time="0.000432"/>
      </testsuite>
    </testsuite>
    <testsuite name="Integration" tests="11" assertions="51" errors="0" failures="0" skipped="0" time="0.042957">
      <testsuite name="BankingPipeline\Tests\Pipeline\PipelineIntegrationTest" file="/app/tests/Pipeline/PipelineIntegrationTest.php" tests="11" assertions="51" errors="0" failures="0" skipped="0" time="0.042957">
        <testcase name="fullPipeline_sixTransactions_eachProducesExactlyOneResult" file="/app/tests/Pipeline/PipelineIntegrationTest.php" line="187" class="BankingPipeline\Tests\Pipeline\PipelineIntegrationTest" classname="BankingPipeline.Tests.Pipeline.PipelineIntegrationTest" assertions="2" time="0.003873"/>
        <testcase name="happyPath_1500UsdTransaction_exactFeeAndNet" file="/app/tests/Pipeline/PipelineIntegrationTest.php" line="205" class="BankingPipeline\Tests\Pipeline\PipelineIntegrationTest" classname="BankingPipeline.Tests.Pipeline.PipelineIntegrationTest" assertions="4" time="0.003802"/>
        <testcase name="happyPath_500UsdTransaction_exactFeeAndNet" file="/app/tests/Pipeline/PipelineIntegrationTest.php" line="233" class="BankingPipeline\Tests\Pipeline\PipelineIntegrationTest" classname="BankingPipeline.Tests.Pipeline.PipelineIntegrationTest" assertions="4" time="0.004011"/>
        <testcase name="rejectionPath_missingField_producesRejectedResult" file="/app/tests/Pipeline/PipelineIntegrationTest.php" line="262" class="BankingPipeline\Tests\Pipeline\PipelineIntegrationTest" classname="BankingPipeline.Tests.Pipeline.PipelineIntegrationTest" assertions="4" time="0.003851"/>
        <testcase name="rejectionPath_nonPositiveAmount_producesRejectedResult" file="/app/tests/Pipeline/PipelineIntegrationTest.php" line="294" class="BankingPipeline\Tests\Pipeline\PipelineIntegrationTest" classname="BankingPipeline.Tests.Pipeline.PipelineIntegrationTest" assertions="4" time="0.003850"/>
        <testcase name="rejectionPath_invalidCurrency_producesRejectedResult" file="/app/tests/Pipeline/PipelineIntegrationTest.php" line="325" class="BankingPipeline\Tests\Pipeline\PipelineIntegrationTest" classname="BankingPipeline.Tests.Pipeline.PipelineIntegrationTest" assertions="4" time="0.003884"/>
        <testcase name="rejectionPath_highRiskFraud_producesRejectedResult" file="/app/tests/Pipeline/PipelineIntegrationTest.php" line="357" class="BankingPipeline\Tests\Pipeline\PipelineIntegrationTest" classname="BankingPipeline.Tests.Pipeline.PipelineIntegrationTest" assertions="4" time="0.003987"/>
        <testcase name="fullPipeline_sixTransactions_correctSettledAndRejectedCounts" file="/app/tests/Pipeline/PipelineIntegrationTest.php" line="389" class="BankingPipeline\Tests\Pipeline\PipelineIntegrationTest" classname="BankingPipeline.Tests.Pipeline.PipelineIntegrationTest" assertions="3" time="0.003957"/>
        <testcase name="reporterSummary_afterRun_countsReconcileWithResults" file="/app/tests/Pipeline/PipelineIntegrationTest.php" line="419" class="BankingPipeline\Tests\Pipeline\PipelineIntegrationTest" classname="BankingPipeline.Tests.Pipeline.PipelineIntegrationTest" assertions="12" time="0.004056"/>
        <testcase name="allFourRejectionPaths_reasonFieldPresentInEveryRejection" file="/app/tests/Pipeline/PipelineIntegrationTest.php" line="461" class="BankingPipeline\Tests\Pipeline\PipelineIntegrationTest" classname="BankingPipeline.Tests.Pipeline.PipelineIntegrationTest" assertions="9" time="0.003924"/>
        <testcase name="silentSinks_noOutputLeaksToStdout" file="/app/tests/Pipeline/PipelineIntegrationTest.php" line="494" class="BankingPipeline\Tests\Pipeline\PipelineIntegrationTest" classname="BankingPipeline.Tests.Pipeline.PipelineIntegrationTest" assertions="1" time="0.003762"/>
      </testsuite>
    </testsuite>
  </testsuite>
</testsuites>
