<?xml version="1.0" encoding="UTF-8"?>
<coverage generated="1782289344">
  <project timestamp="1782289344" name="Clover Coverage">
    <package name="BankingPipeline\Config">
      <file name="/app/src/Config/FraudRules.php">
        <class name="BankingPipeline\Config\FraudRules" namespace="BankingPipeline\Config">
          <metrics complexity="1" methods="1" coveredmethods="0" conditionals="0" coveredconditionals="0" statements="1" coveredstatements="0" elements="2" coveredelements="0"/>
        </class>
        <line num="101" type="method" name="__construct" visibility="private" complexity="1" crap="2" count="0"/>
        <metrics loc="103" ncloc="37" classes="1" methods="1" coveredmethods="0" conditionals="0" coveredconditionals="0" statements="1" coveredstatements="0" elements="2" coveredelements="0"/>
      </file>
      <file name="/app/src/Config/Iso4217.php">
        <class name="BankingPipeline\Config\Iso4217" namespace="BankingPipeline\Config">
          <metrics complexity="1" methods="1" coveredmethods="1" conditionals="0" coveredconditionals="0" statements="1" coveredstatements="1" elements="2" coveredelements="2"/>
        </class>
        <line num="222" type="method" name="isValid" visibility="public" complexity="1" crap="1" count="40"/>
        <line num="224" type="stmt" count="40"/>
        <metrics loc="227" ncloc="18" classes="1" methods="1" coveredmethods="1" conditionals="0" coveredconditionals="0" statements="1" coveredstatements="1" elements="2" coveredelements="2"/>
      </file>
      <file name="/app/src/Config/SettlementConfig.php">
        <class name="BankingPipeline\Config\SettlementConfig" namespace="BankingPipeline\Config">
          <metrics complexity="1" methods="1" coveredmethods="0" conditionals="0" coveredconditionals="0" statements="1" coveredstatements="0" elements="2" coveredelements="0"/>
        </class>
        <line num="47" type="method" name="__construct" visibility="private" complexity="1" crap="2" count="0"/>
        <metrics loc="49" ncloc="15" classes="1" methods="1" coveredmethods="0" conditionals="0" coveredconditionals="0" statements="1" coveredstatements="0" elements="2" coveredelements="0"/>
      </file>
    </package>
    <package name="BankingPipeline\Mcp">
      <file name="/app/src/Mcp/PipelineStatusReader.php">
        <class name="BankingPipeline\Mcp\PipelineStatusReader" namespace="BankingPipeline\Mcp">
          <metrics complexity="28" methods="6" coveredmethods="4" conditionals="0" coveredconditionals="0" statements="77" coveredstatements="75" elements="83" coveredelements="79"/>
        </class>
        <line num="30" type="method" name="__construct" visibility="public" complexity="1" crap="1" count="14"/>
        <line num="32" type="stmt" count="14"/>
        <line num="42" type="method" name="getTransactionStatus" visibility="public" complexity="5" crap="5" count="5"/>
        <line num="44" type="stmt" count="5"/>
        <line num="45" type="stmt" count="1"/>
        <line num="46" type="stmt" count="1"/>
        <line num="47" type="stmt" count="1"/>
        <line num="48" type="stmt" count="1"/>
        <line num="49" type="stmt" count="1"/>
        <line num="52" type="stmt" count="4"/>
        <line num="54" type="stmt" count="4"/>
        <line num="55" type="stmt" count="2"/>
        <line num="56" type="stmt" count="2"/>
        <line num="57" type="stmt" count="2"/>
        <line num="58" type="stmt" count="2"/>
        <line num="59" type="stmt" count="2"/>
        <line num="62" type="stmt" count="2"/>
        <line num="63" type="stmt" count="2"/>
        <line num="65" type="stmt" count="2"/>
        <line num="66" type="stmt" count="2"/>
        <line num="67" type="stmt" count="2"/>
        <line num="68" type="stmt" count="2"/>
        <line num="69" type="stmt" count="2"/>
        <line num="71" type="stmt" count="2"/>
        <line num="72" type="stmt" count="1"/>
        <line num="73" type="stmt" count="1"/>
        <line num="74" type="stmt" count="1"/>
        <line num="75" type="stmt" count="1"/>
        <line num="76" type="stmt" count="1"/>
        <line num="77" type="stmt" count="1"/>
        <line num="80" type="stmt" count="2"/>
        <line num="91" type="method" name="listPipelineResults" visibility="public" complexity="3" crap="3" count="5"/>
        <line num="93" type="stmt" count="5"/>
        <line num="95" type="stmt" count="5"/>
        <line num="96" type="stmt" count="5"/>
        <line num="97" type="stmt" count="3"/>
        <line num="98" type="stmt" count="3"/>
        <line num="100" type="stmt" count="3"/>
        <line num="101" type="stmt" count="3"/>
        <line num="102" type="stmt" count="3"/>
        <line num="103" type="stmt" count="3"/>
        <line num="104" type="stmt" count="3"/>
        <line num="108" type="stmt" count="5"/>
        <line num="109" type="stmt" count="5"/>
        <line num="110" type="stmt" count="5"/>
        <line num="111" type="stmt" count="5"/>
        <line num="120" type="method" name="getPipelineSummary" visibility="public" complexity="8" crap="8.03" count="4"/>
        <line num="122" type="stmt" count="4"/>
        <line num="123" type="stmt" count="4"/>
        <line num="124" type="stmt" count="1"/>
        <line num="125" type="stmt" count="1"/>
        <line num="126" type="stmt" count="1"/>
        <line num="130" type="stmt" count="3"/>
        <line num="131" type="stmt" count="3"/>
        <line num="132" type="stmt" count="1"/>
        <line num="133" type="stmt" count="1"/>
        <line num="135" type="stmt" count="1"/>
        <line num="136" type="stmt" count="1"/>
        <line num="137" type="stmt" count="0"/>
        <line num="143" type="stmt" count="2"/>
        <line num="155" type="method" name="findEnvelopeByTransactionId" visibility="private" complexity="3" crap="3" count="4"/>
        <line num="157" type="stmt" count="4"/>
        <line num="158" type="stmt" count="3"/>
        <line num="159" type="stmt" count="3"/>
        <line num="160" type="stmt" count="2"/>
        <line num="164" type="stmt" count="2"/>
        <line num="174" type="method" name="readAllResultEnvelopes" visibility="private" complexity="8" crap="8.02" count="9"/>
        <line num="176" type="stmt" count="9"/>
        <line num="177" type="stmt" count="2"/>
        <line num="180" type="stmt" count="7"/>
        <line num="181" type="stmt" count="7"/>
        <line num="182" type="stmt" count="1"/>
        <line num="185" type="stmt" count="6"/>
        <line num="186" type="stmt" count="6"/>
        <line num="187" type="stmt" count="6"/>
        <line num="190" type="stmt" count="6"/>
        <line num="191" type="stmt" count="1"/>
        <line num="194" type="stmt" count="6"/>
        <line num="195" type="stmt" count="6"/>
        <line num="196" type="stmt" count="0"/>
        <line num="200" type="stmt" count="6"/>
        <line num="201" type="stmt" count="1"/>
        <line num="206" type="stmt" count="6"/>
        <metrics loc="209" ncloc="153" classes="1" methods="6" coveredmethods="4" conditionals="0" coveredconditionals="0" statements="77" coveredstatements="75" elements="83" coveredelements="79"/>
      </file>
    </package>
    <package name="BankingPipeline\Pipeline">
      <file name="/app/src/Pipeline/Integrator.php">
        <class name="BankingPipeline\Pipeline\Integrator" namespace="BankingPipeline\Pipeline">
          <metrics complexity="16" methods="4" coveredmethods="1" conditionals="0" coveredconditionals="0" statements="92" coveredstatements="83" elements="96" coveredelements="84"/>
        </class>
        <line num="59" type="method" name="__construct" visibility="public" complexity="1" crap="1" count="29"/>
        <line num="63" type="stmt" count="29"/>
        <line num="71" type="method" name="run" visibility="public" complexity="4" crap="4.01" count="29"/>
        <line num="73" type="stmt" count="29"/>
        <line num="76" type="stmt" count="29"/>
        <line num="77" type="stmt" count="29"/>
        <line num="80" type="stmt" count="29"/>
        <line num="81" type="stmt" count="29"/>
        <line num="82" type="stmt" count="29"/>
        <line num="83" type="stmt" count="29"/>
        <line num="84" type="stmt" count="29"/>
        <line num="87" type="stmt" count="29"/>
        <line num="88" type="stmt" count="29"/>
        <line num="90" type="stmt" count="3"/>
        <line num="93" type="stmt" count="26"/>
        <line num="95" type="stmt" count="26"/>
        <line num="96" type="stmt" count="3"/>
        <line num="97" type="stmt" count="3"/>
        <line num="103" type="stmt" count="23"/>
        <line num="105" type="stmt" count="23"/>
        <line num="106" type="stmt" count="23"/>
        <line num="107" type="stmt" count="23"/>
        <line num="108" type="stmt" count="23"/>
        <line num="109" type="stmt" count="23"/>
        <line num="110" type="stmt" count="23"/>
        <line num="111" type="stmt" count="23"/>
        <line num="112" type="stmt" count="23"/>
        <line num="113" type="stmt" count="23"/>
        <line num="114" type="stmt" count="23"/>
        <line num="116" type="stmt" count="23"/>
        <line num="117" type="stmt" count="23"/>
        <line num="118" type="stmt" count="23"/>
        <line num="119" type="stmt" count="23"/>
        <line num="120" type="stmt" count="23"/>
        <line num="121" type="stmt" count="23"/>
        <line num="122" type="stmt" count="23"/>
        <line num="123" type="stmt" count="23"/>
        <line num="124" type="stmt" count="23"/>
        <line num="125" type="stmt" count="23"/>
        <line num="127" type="stmt" count="23"/>
        <line num="128" type="stmt" count="23"/>
        <line num="129" type="stmt" count="23"/>
        <line num="130" type="stmt" count="23"/>
        <line num="131" type="stmt" count="23"/>
        <line num="132" type="stmt" count="23"/>
        <line num="133" type="stmt" count="23"/>
        <line num="134" type="stmt" count="23"/>
        <line num="135" type="stmt" count="23"/>
        <line num="138" type="stmt" count="23"/>
        <line num="139" type="stmt" count="23"/>
        <line num="141" type="stmt" count="23"/>
        <line num="142" type="stmt" count="0"/>
        <line num="143" type="stmt" count="0"/>
        <line num="144" type="stmt" count="0"/>
        <line num="145" type="stmt" count="0"/>
        <line num="146" type="stmt" count="0"/>
        <line num="149" type="stmt" count="23"/>
        <line num="150" type="stmt" count="23"/>
        <line num="163" type="method" name="loadInputFile" visibility="private" complexity="9" crap="9.07" count="29"/>
        <line num="165" type="stmt" count="29"/>
        <line num="166" type="stmt" count="1"/>
        <line num="167" type="stmt" count="1"/>
        <line num="170" type="stmt" count="28"/>
        <line num="171" type="stmt" count="28"/>
        <line num="172" type="stmt" count="0"/>
        <line num="173" type="stmt" count="0"/>
        <line num="178" type="stmt" count="28"/>
        <line num="179" type="stmt" count="1"/>
        <line num="180" type="stmt" count="1"/>
        <line num="181" type="stmt" count="1"/>
        <line num="184" type="stmt" count="27"/>
        <line num="185" type="stmt" count="1"/>
        <line num="186" type="stmt" count="1"/>
        <line num="190" type="stmt" count="26"/>
        <line num="191" type="stmt" count="26"/>
        <line num="192" type="stmt" count="24"/>
        <line num="193" type="stmt" count="2"/>
        <line num="194" type="stmt" count="2"/>
        <line num="198" type="stmt" count="23"/>
        <line num="199" type="stmt" count="23"/>
        <line num="200" type="stmt" count="0"/>
        <line num="202" type="stmt" count="23"/>
        <line num="203" type="stmt" count="23"/>
        <line num="204" type="stmt" count="23"/>
        <line num="205" type="stmt" count="23"/>
        <line num="206" type="stmt" count="23"/>
        <line num="207" type="stmt" count="23"/>
        <line num="209" type="stmt" count="23"/>
        <line num="210" type="stmt" count="23"/>
        <line num="211" type="stmt" count="23"/>
        <line num="214" type="stmt" count="26"/>
        <line num="223" type="method" name="emit" visibility="private" complexity="2" crap="2.06" count="29"/>
        <line num="225" type="stmt" count="29"/>
        <line num="227" type="stmt" count="29"/>
        <line num="228" type="stmt" count="29"/>
        <line num="230" type="stmt" count="0"/>
        <metrics loc="234" ncloc="161" classes="1" methods="4" coveredmethods="1" conditionals="0" coveredconditionals="0" statements="92" coveredstatements="83" elements="96" coveredelements="84"/>
      </file>
      <file name="/app/src/Pipeline/Reporter.php">
        <class name="BankingPipeline\Pipeline\Reporter" namespace="BankingPipeline\Pipeline">
          <metrics complexity="38" methods="7" coveredmethods="3" conditionals="0" coveredconditionals="0" statements="95" coveredstatements="89" elements="102" coveredelements="92"/>
        </class>
        <line num="60" type="method" name="__construct" visibility="public" complexity="1" crap="1" count="23"/>
        <line num="62" type="stmt" count="23"/>
        <line num="76" type="method" name="summarize" visibility="public" complexity="4" crap="4" count="23"/>
        <line num="78" type="stmt" count="23"/>
        <line num="80" type="stmt" count="23"/>
        <line num="81" type="stmt" count="23"/>
        <line num="82" type="stmt" count="23"/>
        <line num="84" type="stmt" count="23"/>
        <line num="85" type="stmt" count="21"/>
        <line num="87" type="stmt" count="21"/>
        <line num="88" type="stmt" count="11"/>
        <line num="89" type="stmt" count="17"/>
        <line num="90" type="stmt" count="17"/>
        <line num="91" type="stmt" count="17"/>
        <line num="92" type="stmt" count="17"/>
        <line num="93" type="stmt" count="17"/>
        <line num="99" type="stmt" count="23"/>
        <line num="101" type="stmt" count="23"/>
        <line num="102" type="stmt" count="23"/>
        <line num="103" type="stmt" count="23"/>
        <line num="104" type="stmt" count="23"/>
        <line num="105" type="stmt" count="23"/>
        <line num="106" type="stmt" count="23"/>
        <line num="107" type="stmt" count="23"/>
        <line num="108" type="stmt" count="23"/>
        <line num="109" type="stmt" count="23"/>
        <line num="111" type="stmt" count="23"/>
        <line num="112" type="stmt" count="23"/>
        <line num="114" type="stmt" count="23"/>
        <line num="129" type="method" name="readResultFiles" visibility="private" complexity="7" crap="7.19" count="23"/>
        <line num="131" type="stmt" count="23"/>
        <line num="132" type="stmt" count="23"/>
        <line num="134" type="stmt" count="23"/>
        <line num="136" type="stmt" count="1"/>
        <line num="139" type="stmt" count="22"/>
        <line num="140" type="stmt" count="22"/>
        <line num="141" type="stmt" count="0"/>
        <line num="144" type="stmt" count="22"/>
        <line num="145" type="stmt" count="21"/>
        <line num="148" type="stmt" count="21"/>
        <line num="149" type="stmt" count="1"/>
        <line num="152" type="stmt" count="21"/>
        <line num="153" type="stmt" count="21"/>
        <line num="154" type="stmt" count="0"/>
        <line num="155" type="stmt" count="0"/>
        <line num="159" type="stmt" count="21"/>
        <line num="160" type="stmt" count="2"/>
        <line num="161" type="stmt" count="2"/>
        <line num="165" type="stmt" count="22"/>
        <line num="182" type="method" name="categorizeReason" visibility="private" complexity="15" crap="15" count="17"/>
        <line num="184" type="stmt" count="17"/>
        <line num="188" type="stmt" count="17"/>
        <line num="189" type="stmt" count="17"/>
        <line num="190" type="stmt" count="17"/>
        <line num="192" type="stmt" count="4"/>
        <line num="197" type="stmt" count="15"/>
        <line num="199" type="stmt" count="15"/>
        <line num="200" type="stmt" count="15"/>
        <line num="201" type="stmt" count="15"/>
        <line num="204" type="stmt" count="5"/>
        <line num="209" type="stmt" count="13"/>
        <line num="210" type="stmt" count="13"/>
        <line num="212" type="stmt" count="9"/>
        <line num="217" type="stmt" count="7"/>
        <line num="218" type="stmt" count="7"/>
        <line num="219" type="stmt" count="7"/>
        <line num="221" type="stmt" count="6"/>
        <line num="224" type="stmt" count="1"/>
        <line num="230" type="method" name="writeSummaryJson" visibility="private" complexity="2" crap="2.03" count="23"/>
        <line num="232" type="stmt" count="23"/>
        <line num="234" type="stmt" count="23"/>
        <line num="235" type="stmt" count="23"/>
        <line num="237" type="stmt" count="23"/>
        <line num="238" type="stmt" count="0"/>
        <line num="245" type="method" name="writeSummaryTxt" visibility="private" complexity="6" crap="6" count="23"/>
        <line num="247" type="stmt" count="23"/>
        <line num="249" type="stmt" count="23"/>
        <line num="250" type="stmt" count="23"/>
        <line num="252" type="stmt" count="23"/>
        <line num="253" type="stmt" count="23"/>
        <line num="254" type="stmt" count="23"/>
        <line num="255" type="stmt" count="23"/>
        <line num="256" type="stmt" count="23"/>
        <line num="257" type="stmt" count="23"/>
        <line num="259" type="stmt" count="23"/>
        <line num="260" type="stmt" count="17"/>
        <line num="261" type="stmt" count="17"/>
        <line num="262" type="stmt" count="17"/>
        <line num="263" type="stmt" count="17"/>
        <line num="267" type="stmt" count="23"/>
        <line num="268" type="stmt" count="2"/>
        <line num="269" type="stmt" count="2"/>
        <line num="270" type="stmt" count="2"/>
        <line num="271" type="stmt" count="2"/>
        <line num="275" type="stmt" count="23"/>
        <line num="277" type="stmt" count="23"/>
        <line num="279" type="stmt" count="23"/>
        <line num="280" type="stmt" count="0"/>
        <line num="290" type="method" name="ensureResultsDirExists" visibility="private" complexity="3" crap="3.33" count="23"/>
        <line num="292" type="stmt" count="23"/>
        <line num="293" type="stmt" count="1"/>
        <line num="294" type="stmt" count="0"/>
        <metrics loc="299" ncloc="194" classes="1" methods="7" coveredmethods="3" conditionals="0" coveredconditionals="0" statements="95" coveredstatements="89" elements="102" coveredelements="92"/>
      </file>
    </package>
    <package name="BankingPipeline\Shared">
      <file name="/app/src/Shared/AuditLogger.php">
        <class name="BankingPipeline\Shared\AuditLogger" namespace="BankingPipeline\Shared">
          <metrics complexity="14" methods="6" coveredmethods="5" conditionals="0" coveredconditionals="0" statements="30" coveredstatements="29" elements="36" coveredelements="34"/>
        </class>
        <line num="36" type="method" name="__construct" visibility="public" complexity="1" crap="1" count="157"/>
        <line num="38" type="stmt" count="157"/>
        <line num="48" type="method" name="log" visibility="public" complexity="1" crap="1" count="146"/>
        <line num="54" type="stmt" count="146"/>
        <line num="55" type="stmt" count="146"/>
        <line num="57" type="stmt" count="146"/>
        <line num="59" type="stmt" count="146"/>
        <line num="60" type="stmt" count="146"/>
        <line num="61" type="stmt" count="146"/>
        <line num="62" type="stmt" count="146"/>
        <line num="63" type="stmt" count="146"/>
        <line num="64" type="stmt" count="146"/>
        <line num="65" type="stmt" count="146"/>
        <line num="67" type="stmt" count="146"/>
        <line num="69" type="stmt" count="146"/>
        <line num="75" type="method" name="maskPii" visibility="private" complexity="4" crap="4" count="146"/>
        <line num="77" type="stmt" count="146"/>
        <line num="78" type="stmt" count="146"/>
        <line num="79" type="stmt" count="142"/>
        <line num="80" type="stmt" count="7"/>
        <line num="81" type="stmt" count="136"/>
        <line num="82" type="stmt" count="55"/>
        <line num="84" type="stmt" count="136"/>
        <line num="88" type="stmt" count="146"/>
        <line num="94" type="method" name="isPiiKey" visibility="private" complexity="5" crap="5" count="142"/>
        <line num="96" type="stmt" count="142"/>
        <line num="97" type="stmt" count="142"/>
        <line num="98" type="stmt" count="142"/>
        <line num="99" type="stmt" count="7"/>
        <line num="103" type="stmt" count="136"/>
        <line num="112" type="method" name="mask" visibility="private" complexity="1" crap="1" count="7"/>
        <line num="114" type="stmt" count="7"/>
        <line num="123" type="method" name="write" visibility="private" complexity="2" crap="2.15" count="146"/>
        <line num="125" type="stmt" count="146"/>
        <line num="126" type="stmt" count="146"/>
        <line num="128" type="stmt" count="0"/>
        <metrics loc="132" ncloc="86" classes="1" methods="6" coveredmethods="5" conditionals="0" coveredconditionals="0" statements="30" coveredstatements="29" elements="36" coveredelements="34"/>
      </file>
      <file name="/app/src/Shared/Envelope.php">
        <class name="BankingPipeline\Shared\Envelope" namespace="BankingPipeline\Shared">
          <metrics complexity="9" methods="5" coveredmethods="5" conditionals="0" coveredconditionals="0" statements="38" coveredstatements="38" elements="43" coveredelements="43"/>
        </class>
        <line num="24" type="method" name="__construct" visibility="private" complexity="1" crap="1" count="79"/>
        <line num="31" type="stmt" count="79"/>
        <line num="36" type="method" name="create" visibility="public" complexity="1" crap="1" count="78"/>
        <line num="42" type="stmt" count="78"/>
        <line num="43" type="stmt" count="78"/>
        <line num="44" type="stmt" count="78"/>
        <line num="45" type="stmt" count="78"/>
        <line num="46" type="stmt" count="78"/>
        <line num="47" type="stmt" count="78"/>
        <line num="48" type="stmt" count="78"/>
        <line num="49" type="stmt" count="78"/>
        <line num="57" type="method" name="fromJson" visibility="public" complexity="5" crap="5" count="77"/>
        <line num="59" type="stmt" count="77"/>
        <line num="61" type="stmt" count="76"/>
        <line num="62" type="stmt" count="1"/>
        <line num="65" type="stmt" count="75"/>
        <line num="66" type="stmt" count="75"/>
        <line num="67" type="stmt" count="75"/>
        <line num="68" type="stmt" count="6"/>
        <line num="72" type="stmt" count="69"/>
        <line num="73" type="stmt" count="1"/>
        <line num="76" type="stmt" count="68"/>
        <line num="77" type="stmt" count="68"/>
        <line num="78" type="stmt" count="68"/>
        <line num="79" type="stmt" count="68"/>
        <line num="80" type="stmt" count="68"/>
        <line num="81" type="stmt" count="68"/>
        <line num="82" type="stmt" count="68"/>
        <line num="83" type="stmt" count="68"/>
        <line num="89" type="method" name="toJson" visibility="public" complexity="1" crap="1" count="73"/>
        <line num="91" type="stmt" count="73"/>
        <line num="92" type="stmt" count="73"/>
        <line num="93" type="stmt" count="73"/>
        <line num="94" type="stmt" count="73"/>
        <line num="95" type="stmt" count="73"/>
        <line num="96" type="stmt" count="73"/>
        <line num="97" type="stmt" count="73"/>
        <line num="98" type="stmt" count="73"/>
        <line num="104" type="method" name="generateUuid4" visibility="private" complexity="1" crap="1" count="78"/>
        <line num="106" type="stmt" count="78"/>
        <line num="109" type="stmt" count="78"/>
        <line num="111" type="stmt" count="78"/>
        <line num="113" type="stmt" count="78"/>
        <metrics loc="116" ncloc="87" classes="1" methods="5" coveredmethods="5" conditionals="0" coveredconditionals="0" statements="38" coveredstatements="38" elements="43" coveredelements="43"/>
      </file>
      <file name="/app/src/Shared/FileQueue.php">
        <class name="BankingPipeline\Shared\FileQueue" namespace="BankingPipeline\Shared">
          <metrics complexity="23" methods="11" coveredmethods="6" conditionals="0" coveredconditionals="0" statements="52" coveredstatements="43" elements="63" coveredelements="49"/>
        </class>
        <line num="36" type="method" name="__construct" visibility="public" complexity="1" crap="1" count="160"/>
        <line num="41" type="method" name="initialize" visibility="public" complexity="4" crap="4.25" count="160"/>
        <line num="43" type="stmt" count="160"/>
        <line num="44" type="stmt" count="160"/>
        <line num="45" type="stmt" count="160"/>
        <line num="46" type="stmt" count="0"/>
        <line num="57" type="method" name="write" visibility="public" complexity="1" crap="1" count="47"/>
        <line num="59" type="stmt" count="47"/>
        <line num="62" type="stmt" count="46"/>
        <line num="63" type="stmt" count="46"/>
        <line num="64" type="stmt" count="46"/>
        <line num="66" type="stmt" count="46"/>
        <line num="68" type="stmt" count="46"/>
        <line num="79" type="method" name="move" visibility="public" complexity="3" crap="3.18" count="43"/>
        <line num="81" type="stmt" count="43"/>
        <line num="82" type="stmt" count="42"/>
        <line num="84" type="stmt" count="42"/>
        <line num="85" type="stmt" count="42"/>
        <line num="87" type="stmt" count="42"/>
        <line num="88" type="stmt" count="1"/>
        <line num="91" type="stmt" count="41"/>
        <line num="92" type="stmt" count="0"/>
        <line num="93" type="stmt" count="0"/>
        <line num="94" type="stmt" count="0"/>
        <line num="97" type="stmt" count="41"/>
        <line num="106" type="method" name="read" visibility="public" complexity="3" crap="3.02" count="42"/>
        <line num="108" type="stmt" count="42"/>
        <line num="110" type="stmt" count="41"/>
        <line num="112" type="stmt" count="41"/>
        <line num="113" type="stmt" count="1"/>
        <line num="116" type="stmt" count="40"/>
        <line num="117" type="stmt" count="40"/>
        <line num="118" type="stmt" count="0"/>
        <line num="121" type="stmt" count="40"/>
        <line num="129" type="method" name="listFiles" visibility="public" complexity="2" crap="2.02" count="52"/>
        <line num="131" type="stmt" count="52"/>
        <line num="133" type="stmt" count="52"/>
        <line num="134" type="stmt" count="52"/>
        <line num="136" type="stmt" count="52"/>
        <line num="137" type="stmt" count="0"/>
        <line num="140" type="stmt" count="52"/>
        <line num="146" type="method" name="clear" visibility="public" complexity="2" crap="2" count="30"/>
        <line num="148" type="stmt" count="30"/>
        <line num="150" type="stmt" count="30"/>
        <line num="151" type="stmt" count="3"/>
        <line num="152" type="stmt" count="3"/>
        <line num="159" type="method" name="path" visibility="private" complexity="1" crap="1" count="160"/>
        <line num="161" type="stmt" count="160"/>
        <line num="167" type="method" name="atomicWrite" visibility="private" complexity="3" crap="4.12" count="46"/>
        <line num="169" type="stmt" count="46"/>
        <line num="171" type="stmt" count="46"/>
        <line num="172" type="stmt" count="0"/>
        <line num="175" type="stmt" count="46"/>
        <line num="176" type="stmt" count="0"/>
        <line num="177" type="stmt" count="0"/>
        <line num="184" type="method" name="sanitizeFilename" visibility="private" complexity="1" crap="1" count="46"/>
        <line num="186" type="stmt" count="46"/>
        <line num="189" type="method" name="assertValidDir" visibility="private" complexity="2" crap="2" count="61"/>
        <line num="191" type="stmt" count="61"/>
        <line num="192" type="stmt" count="3"/>
        <line num="193" type="stmt" count="3"/>
        <line num="194" type="stmt" count="3"/>
        <metrics loc="198" ncloc="144" classes="1" methods="11" coveredmethods="6" conditionals="0" coveredconditionals="0" statements="52" coveredstatements="43" elements="63" coveredelements="49"/>
      </file>
      <file name="/app/src/Shared/Money.php">
        <class name="BankingPipeline\Shared\Money" namespace="BankingPipeline\Shared">
          <metrics complexity="12" methods="6" coveredmethods="5" conditionals="0" coveredconditionals="0" statements="44" coveredstatements="39" elements="50" coveredelements="44"/>
        </class>
        <line num="33" type="method" name="parse" visibility="public" complexity="2" crap="2" count="9"/>
        <line num="36" type="stmt" count="9"/>
        <line num="37" type="stmt" count="5"/>
        <line num="38" type="stmt" count="5"/>
        <line num="39" type="stmt" count="5"/>
        <line num="40" type="stmt" count="5"/>
        <line num="41" type="stmt" count="5"/>
        <line num="45" type="stmt" count="4"/>
        <line num="60" type="method" name="fee" visibility="public" complexity="2" crap="2" count="65"/>
        <line num="63" type="stmt" count="65"/>
        <line num="64" type="stmt" count="65"/>
        <line num="65" type="stmt" count="65"/>
        <line num="66" type="stmt" count="2"/>
        <line num="67" type="stmt" count="2"/>
        <line num="68" type="stmt" count="2"/>
        <line num="69" type="stmt" count="2"/>
        <line num="70" type="stmt" count="2"/>
        <line num="73" type="stmt" count="63"/>
        <line num="86" type="method" name="subtract" visibility="public" complexity="2" crap="2" count="62"/>
        <line num="89" type="stmt" count="62"/>
        <line num="90" type="stmt" count="62"/>
        <line num="91" type="stmt" count="62"/>
        <line num="92" type="stmt" count="2"/>
        <line num="93" type="stmt" count="2"/>
        <line num="94" type="stmt" count="2"/>
        <line num="95" type="stmt" count="2"/>
        <line num="96" type="stmt" count="2"/>
        <line num="99" type="stmt" count="60"/>
        <line num="109" type="method" name="round" visibility="public" complexity="2" crap="2" count="7"/>
        <line num="112" type="stmt" count="7"/>
        <line num="113" type="stmt" count="1"/>
        <line num="114" type="stmt" count="1"/>
        <line num="115" type="stmt" count="1"/>
        <line num="116" type="stmt" count="1"/>
        <line num="117" type="stmt" count="1"/>
        <line num="120" type="stmt" count="6"/>
        <line num="130" type="method" name="compare" visibility="public" complexity="2" crap="4.31" count="57"/>
        <line num="133" type="stmt" count="57"/>
        <line num="134" type="stmt" count="0"/>
        <line num="135" type="stmt" count="0"/>
        <line num="136" type="stmt" count="0"/>
        <line num="137" type="stmt" count="0"/>
        <line num="138" type="stmt" count="0"/>
        <line num="147" type="method" name="isPositive" visibility="public" complexity="2" crap="2" count="50"/>
        <line num="150" type="stmt" count="50"/>
        <line num="151" type="stmt" count="3"/>
        <line num="152" type="stmt" count="3"/>
        <line num="153" type="stmt" count="3"/>
        <line num="154" type="stmt" count="3"/>
        <line num="155" type="stmt" count="3"/>
        <metrics loc="159" ncloc="100" classes="1" methods="6" coveredmethods="5" conditionals="0" coveredconditionals="0" statements="44" coveredstatements="39" elements="50" coveredelements="44"/>
      </file>
    </package>
    <package name="BankingPipeline\Stages">
      <file name="/app/src/Stages/FraudDetector.php">
        <class name="BankingPipeline\Stages\FraudDetector" namespace="BankingPipeline\Stages">
          <metrics complexity="22" methods="8" coveredmethods="6" conditionals="0" coveredconditionals="0" statements="80" coveredstatements="76" elements="88" coveredelements="82"/>
        </class>
        <line num="40" type="method" name="__construct" visibility="public" complexity="1" crap="1" count="56"/>
        <line num="44" type="stmt" count="56"/>
        <line num="60" type="method" name="run" visibility="public" complexity="5" crap="5" count="28"/>
        <line num="62" type="stmt" count="28"/>
        <line num="64" type="stmt" count="28"/>
        <line num="66" type="stmt" count="26"/>
        <line num="67" type="stmt" count="26"/>
        <line num="70" type="stmt" count="26"/>
        <line num="75" type="stmt" count="26"/>
        <line num="78" type="stmt" count="26"/>
        <line num="79" type="stmt" count="26"/>
        <line num="80" type="stmt" count="26"/>
        <line num="81" type="stmt" count="26"/>
        <line num="82" type="stmt" count="26"/>
        <line num="83" type="stmt" count="26"/>
        <line num="85" type="stmt" count="26"/>
        <line num="86" type="stmt" count="16"/>
        <line num="87" type="stmt" count="24"/>
        <line num="89" type="stmt" count="26"/>
        <line num="92" type="stmt" count="26"/>
        <line num="94" type="stmt" count="26"/>
        <line num="97" type="stmt" count="28"/>
        <line num="110" type="method" name="process" visibility="public" complexity="6" crap="6" count="54"/>
        <line num="112" type="stmt" count="54"/>
        <line num="113" type="stmt" count="54"/>
        <line num="116" type="stmt" count="54"/>
        <line num="117" type="stmt" count="54"/>
        <line num="118" type="stmt" count="7"/>
        <line num="119" type="stmt" count="7"/>
        <line num="123" type="stmt" count="54"/>
        <line num="124" type="stmt" count="54"/>
        <line num="125" type="stmt" count="24"/>
        <line num="126" type="stmt" count="24"/>
        <line num="130" type="stmt" count="54"/>
        <line num="131" type="stmt" count="54"/>
        <line num="132" type="stmt" count="25"/>
        <line num="133" type="stmt" count="25"/>
        <line num="137" type="stmt" count="54"/>
        <line num="138" type="stmt" count="54"/>
        <line num="141" type="stmt" count="54"/>
        <line num="142" type="stmt" count="21"/>
        <line num="145" type="stmt" count="47"/>
        <line num="163" type="method" name="flagHighRisk" visibility="private" complexity="1" crap="1" count="21"/>
        <line num="165" type="stmt" count="21"/>
        <line num="167" type="stmt" count="21"/>
        <line num="168" type="stmt" count="21"/>
        <line num="170" type="stmt" count="21"/>
        <line num="171" type="stmt" count="21"/>
        <line num="172" type="stmt" count="21"/>
        <line num="173" type="stmt" count="21"/>
        <line num="174" type="stmt" count="21"/>
        <line num="175" type="stmt" count="21"/>
        <line num="176" type="stmt" count="21"/>
        <line num="177" type="stmt" count="21"/>
        <line num="178" type="stmt" count="21"/>
        <line num="180" type="stmt" count="21"/>
        <line num="190" type="method" name="flagLowRisk" visibility="private" complexity="1" crap="1" count="47"/>
        <line num="192" type="stmt" count="47"/>
        <line num="194" type="stmt" count="47"/>
        <line num="195" type="stmt" count="47"/>
        <line num="196" type="stmt" count="47"/>
        <line num="197" type="stmt" count="47"/>
        <line num="198" type="stmt" count="47"/>
        <line num="199" type="stmt" count="47"/>
        <line num="200" type="stmt" count="47"/>
        <line num="201" type="stmt" count="47"/>
        <line num="202" type="stmt" count="47"/>
        <line num="204" type="stmt" count="47"/>
        <line num="216" type="method" name="isOvernightHour" visibility="private" complexity="4" crap="4.84" count="54"/>
        <line num="218" type="stmt" count="54"/>
        <line num="219" type="stmt" count="0"/>
        <line num="223" type="stmt" count="54"/>
        <line num="224" type="stmt" count="0"/>
        <line num="225" type="stmt" count="0"/>
        <line num="228" type="stmt" count="54"/>
        <line num="230" type="stmt" count="54"/>
        <line num="231" type="stmt" count="54"/>
        <line num="241" type="method" name="buildReasonString" visibility="private" complexity="1" crap="1" count="21"/>
        <line num="243" type="stmt" count="21"/>
        <line num="244" type="stmt" count="21"/>
        <line num="252" type="method" name="deleteFromProcessing" visibility="private" complexity="3" crap="3.03" count="26"/>
        <line num="254" type="stmt" count="26"/>
        <line num="255" type="stmt" count="0"/>
        <line num="258" type="stmt" count="26"/>
        <line num="259" type="stmt" count="26"/>
        <line num="260" type="stmt" count="26"/>
        <line num="262" type="stmt" count="26"/>
        <line num="263" type="stmt" count="26"/>
        <metrics loc="267" ncloc="165" classes="1" methods="8" coveredmethods="6" conditionals="0" coveredconditionals="0" statements="80" coveredstatements="76" elements="88" coveredelements="82"/>
      </file>
      <file name="/app/src/Stages/Settlement.php">
        <class name="BankingPipeline\Stages\Settlement" namespace="BankingPipeline\Stages">
          <metrics complexity="7" methods="4" coveredmethods="3" conditionals="0" coveredconditionals="0" statements="41" coveredstatements="40" elements="45" coveredelements="43"/>
        </class>
        <line num="40" type="method" name="__construct" visibility="public" complexity="1" crap="1" count="60"/>
        <line num="44" type="stmt" count="60"/>
        <line num="59" type="method" name="run" visibility="public" complexity="2" crap="2" count="31"/>
        <line num="61" type="stmt" count="31"/>
        <line num="63" type="stmt" count="31"/>
        <line num="65" type="stmt" count="28"/>
        <line num="66" type="stmt" count="28"/>
        <line num="69" type="stmt" count="28"/>
        <line num="72" type="stmt" count="28"/>
        <line num="73" type="stmt" count="28"/>
        <line num="74" type="stmt" count="28"/>
        <line num="75" type="stmt" count="28"/>
        <line num="76" type="stmt" count="28"/>
        <line num="77" type="stmt" count="28"/>
        <line num="79" type="stmt" count="28"/>
        <line num="82" type="stmt" count="28"/>
        <line num="84" type="stmt" count="28"/>
        <line num="87" type="stmt" count="31"/>
        <line num="112" type="method" name="process" visibility="public" complexity="1" crap="1" count="55"/>
        <line num="114" type="stmt" count="55"/>
        <line num="117" type="stmt" count="55"/>
        <line num="121" type="stmt" count="55"/>
        <line num="123" type="stmt" count="55"/>
        <line num="124" type="stmt" count="55"/>
        <line num="125" type="stmt" count="55"/>
        <line num="127" type="stmt" count="55"/>
        <line num="128" type="stmt" count="55"/>
        <line num="129" type="stmt" count="55"/>
        <line num="130" type="stmt" count="55"/>
        <line num="131" type="stmt" count="55"/>
        <line num="132" type="stmt" count="55"/>
        <line num="133" type="stmt" count="55"/>
        <line num="134" type="stmt" count="55"/>
        <line num="135" type="stmt" count="55"/>
        <line num="136" type="stmt" count="55"/>
        <line num="137" type="stmt" count="55"/>
        <line num="139" type="stmt" count="55"/>
        <line num="151" type="method" name="deleteFromProcessing" visibility="private" complexity="3" crap="3.03" count="28"/>
        <line num="153" type="stmt" count="28"/>
        <line num="154" type="stmt" count="0"/>
        <line num="157" type="stmt" count="28"/>
        <line num="158" type="stmt" count="28"/>
        <line num="159" type="stmt" count="28"/>
        <line num="161" type="stmt" count="28"/>
        <line num="162" type="stmt" count="28"/>
        <metrics loc="166" ncloc="93" classes="1" methods="4" coveredmethods="3" conditionals="0" coveredconditionals="0" statements="41" coveredstatements="40" elements="45" coveredelements="43"/>
      </file>
      <file name="/app/src/Stages/Validator.php">
        <class name="BankingPipeline\Stages\Validator" namespace="BankingPipeline\Stages">
          <metrics complexity="19" methods="6" coveredmethods="5" conditionals="0" coveredconditionals="0" statements="62" coveredstatements="61" elements="68" coveredelements="66"/>
        </class>
        <line num="54" type="method" name="__construct" visibility="public" complexity="1" crap="1" count="69"/>
        <line num="58" type="stmt" count="69"/>
        <line num="72" type="method" name="run" visibility="public" complexity="5" crap="5" count="28"/>
        <line num="74" type="stmt" count="28"/>
        <line num="76" type="stmt" count="28"/>
        <line num="78" type="stmt" count="27"/>
        <line num="79" type="stmt" count="27"/>
        <line num="82" type="stmt" count="27"/>
        <line num="84" type="stmt" count="27"/>
        <line num="87" type="stmt" count="27"/>
        <line num="88" type="stmt" count="27"/>
        <line num="89" type="stmt" count="27"/>
        <line num="90" type="stmt" count="27"/>
        <line num="91" type="stmt" count="27"/>
        <line num="92" type="stmt" count="27"/>
        <line num="94" type="stmt" count="27"/>
        <line num="95" type="stmt" count="25"/>
        <line num="96" type="stmt" count="16"/>
        <line num="98" type="stmt" count="27"/>
        <line num="101" type="stmt" count="27"/>
        <line num="103" type="stmt" count="27"/>
        <line num="106" type="stmt" count="28"/>
        <line num="119" type="method" name="process" visibility="public" complexity="8" crap="8" count="68"/>
        <line num="122" type="stmt" count="68"/>
        <line num="123" type="stmt" count="68"/>
        <line num="124" type="stmt" count="19"/>
        <line num="126" type="stmt" count="67"/>
        <line num="127" type="stmt" count="14"/>
        <line num="132" type="stmt" count="46"/>
        <line num="134" type="stmt" count="46"/>
        <line num="135" type="stmt" count="2"/>
        <line num="136" type="stmt" count="2"/>
        <line num="139" type="stmt" count="44"/>
        <line num="140" type="stmt" count="17"/>
        <line num="144" type="stmt" count="40"/>
        <line num="145" type="stmt" count="40"/>
        <line num="146" type="stmt" count="18"/>
        <line num="150" type="stmt" count="36"/>
        <line num="159" type="method" name="accept" visibility="private" complexity="1" crap="1" count="36"/>
        <line num="161" type="stmt" count="36"/>
        <line num="163" type="stmt" count="36"/>
        <line num="164" type="stmt" count="36"/>
        <line num="165" type="stmt" count="36"/>
        <line num="166" type="stmt" count="36"/>
        <line num="167" type="stmt" count="36"/>
        <line num="168" type="stmt" count="36"/>
        <line num="169" type="stmt" count="36"/>
        <line num="170" type="stmt" count="36"/>
        <line num="171" type="stmt" count="36"/>
        <line num="173" type="stmt" count="36"/>
        <line num="182" type="method" name="reject" visibility="private" complexity="1" crap="1" count="46"/>
        <line num="184" type="stmt" count="46"/>
        <line num="185" type="stmt" count="46"/>
        <line num="187" type="stmt" count="46"/>
        <line num="188" type="stmt" count="46"/>
        <line num="189" type="stmt" count="46"/>
        <line num="190" type="stmt" count="46"/>
        <line num="191" type="stmt" count="46"/>
        <line num="192" type="stmt" count="46"/>
        <line num="194" type="stmt" count="46"/>
        <line num="203" type="method" name="deleteFromProcessing" visibility="private" complexity="3" crap="3.03" count="27"/>
        <line num="205" type="stmt" count="27"/>
        <line num="206" type="stmt" count="0"/>
        <line num="209" type="stmt" count="27"/>
        <line num="210" type="stmt" count="27"/>
        <line num="211" type="stmt" count="27"/>
        <line num="213" type="stmt" count="27"/>
        <line num="214" type="stmt" count="27"/>
        <metrics loc="218" ncloc="144" classes="1" methods="6" coveredmethods="5" conditionals="0" coveredconditionals="0" statements="62" coveredstatements="61" elements="68" coveredelements="66"/>
      </file>
    </package>
    <metrics files="13" loc="2377" ncloc="1397" classes="13" methods="66" coveredmethods="44" conditionals="0" coveredconditionals="0" statements="614" coveredstatements="574" elements="680" coveredelements="618"/>
  </project>
</coverage>
